2023-10-10 18:36:49,959 - INFO - app created
2023-10-10 18:36:52,130 - DEBUG - connection tab created
2023-10-10 18:36:57,994 - DEBUG - Connection created
2023-10-10 18:36:59,964 - DEBUG - Device 1 created
2023-10-10 18:37:05,983 - DEBUG - new canvas borders: (0, 0, 352, 271)
2023-10-10 18:37:18,765 - INFO - sending frame: b'\x01\x03\x00\x00\x00\x01\x84\n', hex: 010300000001840a
2023-10-10 18:37:18,780 - INFO - received response b'\x01\x03\x02\x00\x03\xf8E', hex:0103020003f845
2023-10-10 18:37:18,781 - DEBUG - passed response 020003
2023-10-10 18:37:23,361 - INFO - sending frame: b'\x01\x03\x00\x00\x00\x01\x84\n', hex: 010300000001840a
2023-10-10 18:37:23,376 - INFO - received response b'\x01\x03\x02\x00\x03\xf8E', hex:0103020003f845
2023-10-10 18:37:23,376 - DEBUG - passed response 020003
2023-10-10 18:37:24,563 - INFO - sending frame: b'\x01\x03\x00\x00\x00\x01\x84\n', hex: 010300000001840a
2023-10-10 18:37:24,578 - INFO - received response b'\x01\x03\x02\x00\x03\xf8E', hex:0103020003f845
2023-10-10 18:37:24,579 - DEBUG - passed response 020003
2023-10-10 18:37:25,580 - INFO - sending frame: b'\x01\x03\x00\x00\x00\x01\x84\n', hex: 010300000001840a
2023-10-10 18:37:25,595 - INFO - received response b'\x01\x03\x02\x00\x03\xf8E', hex:0103020003f845
2023-10-10 18:37:25,595 - DEBUG - passed response 020003
2023-10-10 18:37:26,609 - INFO - sending frame: b'\x01\x03\x00\x00\x00\x01\x84\n', hex: 010300000001840a
2023-10-10 18:37:26,624 - INFO - received response b'\x01\x03\x02\x00\x03\xf8E', hex:0103020003f845
2023-10-10 18:37:26,625 - DEBUG - passed response 020003
2023-10-10 18:37:27,639 - INFO - sending frame: b'\x01\x03\x00\x00\x00\x01\x84\n', hex: 010300000001840a
2023-10-10 18:37:27,653 - INFO - received response b'\x01\x03\x02\x00\x03\xf8E', hex:0103020003f845
2023-10-10 18:37:27,653 - DEBUG - passed response 020003
2023-10-10 18:37:28,654 - INFO - sending frame: b'\x01\x03\x00\x00\x00\x01\x84\n', hex: 010300000001840a
2023-10-10 18:37:28,670 - INFO - received response b'\x01\x03\x02\x00\x03\xf8E', hex:0103020003f845
2023-10-10 18:37:28,670 - DEBUG - passed response 020003
2023-10-10 18:37:29,554 - INFO - sending frame: b'\x01\x03\x00\x00\x00\x01\x84\n', hex: 010300000001840a
2023-10-10 18:37:29,570 - INFO - received response b'\x01\x03\x02\x00\x03\xf8E', hex:0103020003f845
2023-10-10 18:37:29,570 - DEBUG - passed response 020003
2023-10-10 18:37:29,690 - INFO - sending frame: b'\x01\x03\x00\x00\x00\x01\x84\n', hex: 010300000001840a
2023-10-10 18:37:29,705 - INFO - received response b'\x01\x03\x02\x00\x03\xf8E', hex:0103020003f845
2023-10-10 18:37:29,705 - DEBUG - passed response 020003
2023-10-10 18:37:29,806 - INFO - sending frame: b'\x01\x03\x00\x00\x00\x01\x84\n', hex: 010300000001840a
2023-10-10 18:37:29,821 - INFO - received response b'\x01\x03\x02\x00\x03\xf8E', hex:0103020003f845
2023-10-10 18:37:29,821 - DEBUG - passed response 020003
2023-10-10 18:37:29,939 - INFO - sending frame: b'\x01\x03\x00\x00\x00\x01\x84\n', hex: 010300000001840a
2023-10-10 18:37:29,954 - INFO - received response b'\x01\x03\x02\x00\x03\xf8E', hex:0103020003f845
2023-10-10 18:37:29,954 - DEBUG - passed response 020003
2023-10-10 18:37:30,055 - INFO - sending frame: b'\x01\x03\x00\x00\x00\x01\x84\n', hex: 010300000001840a
2023-10-10 18:37:30,070 - INFO - received response b'\x01\x03\x02\x00\x03\xf8E', hex:0103020003f845
2023-10-10 18:37:30,071 - DEBUG - passed response 020003
2023-10-10 18:37:30,189 - INFO - sending frame: b'\x01\x03\x00\x00\x00\x01\x84\n', hex: 010300000001840a
2023-10-10 18:37:30,204 - INFO - received response b'\x01\x03\x02\x00\x03\xf8E', hex:0103020003f845
2023-10-10 18:37:30,205 - DEBUG - passed response 020003
2023-10-10 18:37:30,306 - INFO - sending frame: b'\x01\x03\x00\x00\x00\x01\x84\n', hex: 010300000001840a
2023-10-10 18:37:30,320 - INFO - received response b'\x01\x03\x02\x00\x03\xf8E', hex:0103020003f845
2023-10-10 18:37:30,321 - DEBUG - passed response 020003
2023-10-10 18:37:30,439 - INFO - sending frame: b'\x01\x03\x00\x00\x00\x01\x84\n', hex: 010300000001840a
2023-10-10 18:37:30,454 - INFO - received response b'\x01\x03\x02\x00\x03\xf8E', hex:0103020003f845
2023-10-10 18:37:30,454 - DEBUG - passed response 020003
2023-10-10 18:37:30,555 - INFO - sending frame: b'\x01\x03\x00\x00\x00\x01\x84\n', hex: 010300000001840a
2023-10-10 18:37:30,570 - INFO - received response b'\x01\x03\x02\x00\x03\xf8E', hex:0103020003f845
2023-10-10 18:37:30,570 - DEBUG - passed response 020003
2023-10-10 18:37:30,693 - INFO - sending frame: b'\x01\x03\x00\x00\x00\x01\x84\n', hex: 010300000001840a
2023-10-10 18:37:30,708 - INFO - received response b'\x01\x03\x02\x00\x03\xf8E', hex:0103020003f845
2023-10-10 18:37:30,708 - DEBUG - passed response 020003
2023-10-10 18:37:30,810 - INFO - sending frame: b'\x01\x03\x00\x00\x00\x01\x84\n', hex: 010300000001840a
2023-10-10 18:37:30,824 - INFO - received response b'\x01\x03\x02\x00\x03\xf8E', hex:0103020003f845
2023-10-10 18:37:30,825 - DEBUG - passed response 020003
2023-10-10 18:37:30,944 - INFO - sending frame: b'\x01\x03\x00\x00\x00\x01\x84\n', hex: 010300000001840a
2023-10-10 18:37:30,959 - INFO - received response b'\x01\x03\x02\x00\x03\xf8E', hex:0103020003f845
2023-10-10 18:37:30,959 - DEBUG - passed response 020003
2023-10-10 18:37:31,062 - INFO - sending frame: b'\x01\x03\x00\x00\x00\x01\x84\n', hex: 010300000001840a
2023-10-10 18:37:31,077 - INFO - received response b'\x01\x03\x02\x00\x03\xf8E', hex:0103020003f845
2023-10-10 18:37:31,078 - DEBUG - passed response 020003
2023-10-10 18:37:31,199 - INFO - sending frame: b'\x01\x03\x00\x00\x00\x01\x84\n', hex: 010300000001840a
2023-10-10 18:37:31,213 - INFO - received response b'\x01\x03\x02\x00\x03\xf8E', hex:0103020003f845
2023-10-10 18:37:31,214 - DEBUG - passed response 020003
2023-10-10 18:37:31,315 - INFO - sending frame: b'\x01\x03\x00\x00\x00\x01\x84\n', hex: 010300000001840a
2023-10-10 18:37:31,330 - INFO - received response b'\x01\x03\x02\x00\x03\xf8E', hex:0103020003f845
2023-10-10 18:37:31,330 - DEBUG - passed response 020003
2023-10-10 18:37:31,446 - INFO - sending frame: b'\x01\x03\x00\x00\x00\x01\x84\n', hex: 010300000001840a
2023-10-10 18:37:31,460 - INFO - received response b'\x01\x03\x02\x00\x03\xf8E', hex:0103020003f845
2023-10-10 18:37:31,461 - DEBUG - passed response 020003
2023-10-10 18:37:31,562 - INFO - sending frame: b'\x01\x03\x00\x00\x00\x01\x84\n', hex: 010300000001840a
2023-10-10 18:37:31,577 - INFO - received response b'\x01\x03\x02\x00\x03\xf8E', hex:0103020003f845
2023-10-10 18:37:31,577 - DEBUG - passed response 020003
2023-10-10 18:37:31,695 - INFO - sending frame: b'\x01\x03\x00\x00\x00\x01\x84\n', hex: 010300000001840a
2023-10-10 18:37:31,710 - INFO - received response b'\x01\x03\x02\x00\x03\xf8E', hex:0103020003f845
2023-10-10 18:37:31,710 - DEBUG - passed response 020003
2023-10-10 18:37:31,812 - INFO - sending frame: b'\x01\x03\x00\x00\x00\x01\x84\n', hex: 010300000001840a
2023-10-10 18:37:31,827 - INFO - received response b'\x01\x03\x02\x00\x03\xf8E', hex:0103020003f845
2023-10-10 18:37:31,827 - DEBUG - passed response 020003
2023-10-10 18:37:31,945 - INFO - sending frame: b'\x01\x03\x00\x00\x00\x01\x84\n', hex: 010300000001840a
2023-10-10 18:37:31,959 - INFO - received response b'\x01\x03\x02\x00\x03\xf8E', hex:0103020003f845
2023-10-10 18:37:31,959 - DEBUG - passed response 020003
2023-10-10 18:37:32,061 - INFO - sending frame: b'\x01\x03\x00\x00\x00\x01\x84\n', hex: 010300000001840a
2023-10-10 18:37:32,075 - INFO - received response b'\x01\x03\x02\x00\x03\xf8E', hex:0103020003f845
2023-10-10 18:37:32,076 - DEBUG - passed response 020003
2023-10-10 18:37:32,193 - INFO - sending frame: b'\x01\x03\x00\x00\x00\x01\x84\n', hex: 010300000001840a
2023-10-10 18:37:32,208 - INFO - received response b'\x01\x03\x02\x00\x03\xf8E', hex:0103020003f845
2023-10-10 18:37:32,209 - DEBUG - passed response 020003
2023-10-10 18:37:32,310 - INFO - sending frame: b'\x01\x03\x00\x00\x00\x01\x84\n', hex: 010300000001840a
2023-10-10 18:37:32,324 - INFO - received response b'\x01\x03\x02\x00\x03\xf8E', hex:0103020003f845
2023-10-10 18:37:32,324 - DEBUG - passed response 020003
2023-10-10 18:37:32,442 - INFO - sending frame: b'\x01\x03\x00\x00\x00\x01\x84\n', hex: 010300000001840a
2023-10-10 18:37:32,458 - INFO - received response b'\x01\x03\x02\x00\x03\xf8E', hex:0103020003f845
2023-10-10 18:37:32,458 - DEBUG - passed response 020003
2023-10-10 18:37:32,559 - INFO - sending frame: b'\x01\x03\x00\x00\x00\x01\x84\n', hex: 010300000001840a
2023-10-10 18:37:32,574 - INFO - received response b'\x01\x03\x02\x00\x03\xf8E', hex:0103020003f845
2023-10-10 18:37:32,574 - DEBUG - passed response 020003
2023-10-10 18:37:32,691 - INFO - sending frame: b'\x01\x03\x00\x00\x00\x01\x84\n', hex: 010300000001840a
2023-10-10 18:37:32,706 - INFO - received response b'\x01\x03\x02\x00\x03\xf8E', hex:0103020003f845
2023-10-10 18:37:32,707 - DEBUG - passed response 020003
2023-10-10 18:37:32,808 - INFO - sending frame: b'\x01\x03\x00\x00\x00\x01\x84\n', hex: 010300000001840a
2023-10-10 18:37:32,823 - INFO - received response b'\x01\x03\x02\x00\x03\xf8E', hex:0103020003f845
2023-10-10 18:37:32,823 - DEBUG - passed response 020003
2023-10-10 18:37:32,941 - INFO - sending frame: b'\x01\x03\x00\x00\x00\x01\x84\n', hex: 010300000001840a
2023-10-10 18:37:32,956 - INFO - received response b'\x01\x03\x02\x00\x03\xf8E', hex:0103020003f845
2023-10-10 18:37:32,957 - DEBUG - passed response 020003
2023-10-10 18:37:33,019 - INFO - sending frame: b'\x01\x03\x00\x00\x00\x01\x84\n', hex: 010300000001840a
2023-10-10 18:37:33,033 - INFO - received response b'\x01\x03\x02\x00\x03\xf8E', hex:0103020003f845
2023-10-10 18:37:33,034 - DEBUG - passed response 020003
2023-10-10 18:37:33,056 - INFO - sending frame: b'\x01\x03\x00\x00\x00\x01\x84\n', hex: 010300000001840a
2023-10-10 18:37:33,071 - INFO - received response b'\x01\x03\x02\x00\x03\xf8E', hex:0103020003f845
2023-10-10 18:37:33,072 - DEBUG - passed response 020003
2023-10-10 18:37:33,084 - INFO - sending frame: b'\x01\x03\x00\x00\x00\x01\x84\n', hex: 010300000001840a
2023-10-10 18:37:33,191 - WARNING - No connection from slave None
2023-10-10 18:38:36,701 - INFO - sending frame: b'\x01\x03\x00\x00\x00\x01\x84\n', hex: 010300000001840a
2023-10-10 18:38:36,716 - INFO - received response b'\x01\x03\x02\x00\x03\xf8E', hex:0103020003f845
2023-10-10 18:38:36,717 - DEBUG - passed response 020003
2023-10-10 18:38:36,817 - INFO - sending frame: b'\x01\x03\x00\x00\x00\x01\x84\n', hex: 010300000001840a
2023-10-10 18:38:36,832 - INFO - received response b'\x01\x03\x02\x00\x03\xf8E', hex:0103020003f845
2023-10-10 18:38:36,832 - DEBUG - passed response 020003
2023-10-10 18:38:36,933 - INFO - sending frame: b'\x01\x03\x00\x00\x00\x01\x84\n', hex: 010300000001840a
2023-10-10 18:38:36,947 - INFO - received response b'\x01\x03\x02\x00\x03\xf8E', hex:0103020003f845
2023-10-10 18:38:36,947 - DEBUG - passed response 020003
2023-10-10 18:38:37,060 - INFO - sending frame: b'\x01\x03\x00\x00\x00\x01\x84\n', hex: 010300000001840a
2023-10-10 18:38:37,074 - INFO - received response b'\x01\x03\x02\x00\x03\xf8E', hex:0103020003f845
2023-10-10 18:38:37,075 - DEBUG - passed response 020003
2023-10-10 18:38:37,188 - INFO - sending frame: b'\x01\x03\x00\x00\x00\x01\x84\n', hex: 010300000001840a
2023-10-10 18:38:37,202 - INFO - received response b'\x01\x03\x02\x00\x03\xf8E', hex:0103020003f845
2023-10-10 18:38:37,203 - DEBUG - passed response 020003
2023-10-10 18:38:37,319 - INFO - sending frame: b'\x01\x03\x00\x00\x00\x01\x84\n', hex: 010300000001840a
2023-10-10 18:38:37,333 - INFO - received response b'\x01\x03\x02\x00\x03\xf8E', hex:0103020003f845
2023-10-10 18:38:37,333 - DEBUG - passed response 020003
2023-10-10 18:38:37,434 - INFO - sending frame: b'\x01\x03\x00\x00\x00\x01\x84\n', hex: 010300000001840a
2023-10-10 18:38:37,448 - INFO - received response b'\x01\x03\x02\x00\x03\xf8E', hex:0103020003f845
2023-10-10 18:38:37,448 - DEBUG - passed response 020003
2023-10-10 18:38:37,549 - INFO - sending frame: b'\x01\x03\x00\x00\x00\x01\x84\n', hex: 010300000001840a
2023-10-10 18:38:37,564 - INFO - received response b'\x01\x03\x02\x00\x03\xf8E', hex:0103020003f845
2023-10-10 18:38:37,564 - DEBUG - passed response 020003
2023-10-10 18:38:37,675 - INFO - sending frame: b'\x01\x03\x00\x00\x00\x01\x84\n', hex: 010300000001840a
2023-10-10 18:38:37,689 - INFO - received response b'\x01\x03\x02\x00\x03\xf8E', hex:0103020003f845
2023-10-10 18:38:37,690 - DEBUG - passed response 020003
2023-10-10 18:38:37,804 - INFO - sending frame: b'\x01\x03\x00\x00\x00\x01\x84\n', hex: 010300000001840a
2023-10-10 18:38:37,812 - INFO - received response b'\xff', hex:ff
2023-10-10 18:38:37,812 - WARNING - Slave 1: Response length too short
2023-10-10 18:38:46,219 - INFO - sending frame: b'\x01\x03\x00\x00\x00\x01\x84\n', hex: 010300000001840a
2023-10-10 18:38:46,234 - INFO - received response b'\x01\x03\x02\x00\x03\xf8E', hex:0103020003f845
2023-10-10 18:38:46,235 - DEBUG - passed response 020003
2023-10-10 18:38:50,402 - DEBUG - new canvas borders: (0, 0, 352, 271)
2023-10-10 18:38:57,915 - INFO - Prepared message to send: 011000000001020005
2023-10-10 18:38:57,916 - INFO - sending frame: b'\x01\x10\x00\x00\x00\x01\x02\x00\x05fS', hex: 0110000000010200056653
2023-10-10 18:38:57,933 - INFO - received response b'\x01\x10\x00\x00\x00\x01\x01\xc9', hex:01100000000101c9
2023-10-10 18:38:57,934 - DEBUG - passed response 00000001
2023-10-10 18:38:57,935 - INFO - write multiple HR - device id: 1, starting address: 0, values: [5]
2023-10-10 18:39:03,396 - INFO - Prepared message to send: 011000000001020006
2023-10-10 18:39:03,396 - INFO - sending frame: b'\x01\x10\x00\x00\x00\x01\x02\x00\x06&R', hex: 0110000000010200062652
2023-10-10 18:39:03,413 - INFO - received response b'\x01\x10\x00\x00\x00\x01\x01\xc9', hex:01100000000101c9
2023-10-10 18:39:03,413 - DEBUG - passed response 00000001
2023-10-10 18:39:03,413 - INFO - write multiple HR - device id: 1, starting address: 0, values: [6]
2023-10-10 18:39:07,602 - INFO - Prepared message to send: 011000000001020007
2023-10-10 18:39:07,602 - INFO - sending frame: b'\x01\x10\x00\x00\x00\x01\x02\x00\x07\xe7\x92', hex: 011000000001020007e792
2023-10-10 18:39:07,618 - INFO - received response b'\x01\x10\x00\x00\x00\x01\x01\xc9', hex:01100000000101c9
2023-10-10 18:39:07,619 - DEBUG - passed response 00000001
2023-10-10 18:39:07,619 - INFO - write multiple HR - device id: 1, starting address: 0, values: [7]
2023-10-10 18:39:14,423 - INFO - sending frame: b'\x01\x03\x00\x00\x00\x01\x84\n', hex: 010300000001840a
2023-10-10 18:39:14,438 - INFO - received response b'\x01\x03\x02\x00\x07\xf9\x86', hex:0103020007f986
2023-10-10 18:39:14,438 - DEBUG - passed response 020007
2023-10-10 18:39:16,494 - INFO - sending frame: b'\x01\x03\x00\x00\x00\x01\x84\n', hex: 010300000001840a
2023-10-10 18:39:16,509 - INFO - received response b'\x01\x03\x02\x00\x07\xf9\x86', hex:0103020007f986
2023-10-10 18:39:16,509 - DEBUG - passed response 020007
2023-10-10 18:39:16,610 - INFO - sending frame: b'\x01\x03\x00\x00\x00\x01\x84\n', hex: 010300000001840a
2023-10-10 18:39:16,625 - INFO - received response b'\x01\x03\x02\x00\x07\xf9\x86', hex:0103020007f986
2023-10-10 18:39:16,625 - DEBUG - passed response 020007
2023-10-10 18:39:16,738 - INFO - sending frame: b'\x01\x03\x00\x00\x00\x01\x84\n', hex: 010300000001840a
2023-10-10 18:39:16,753 - INFO - received response b'\x01\x03\x02\x00\x07\xf9\x86', hex:0103020007f986
2023-10-10 18:39:16,753 - DEBUG - passed response 020007
2023-10-10 18:39:16,866 - INFO - sending frame: b'\x01\x03\x00\x00\x00\x01\x84\n', hex: 010300000001840a
2023-10-10 18:39:16,881 - INFO - received response b'\x01\x03\x02\x00\x07\xf9\x86', hex:0103020007f986
2023-10-10 18:39:16,881 - DEBUG - passed response 020007
2023-10-10 18:39:16,982 - INFO - sending frame: b'\x01\x03\x00\x00\x00\x01\x84\n', hex: 010300000001840a
2023-10-10 18:39:16,996 - INFO - received response b'\x01\x03\x02\x00\x07\xf9\x86', hex:0103020007f986
2023-10-10 18:39:16,996 - DEBUG - passed response 020007
2023-10-10 18:39:17,097 - INFO - sending frame: b'\x01\x03\x00\x00\x00\x01\x84\n', hex: 010300000001840a
2023-10-10 18:39:17,111 - INFO - received response b'\x01\x03\x02\x00\x07\xf9\x86', hex:0103020007f986
2023-10-10 18:39:17,112 - DEBUG - passed response 020007
2023-10-10 18:39:17,223 - INFO - sending frame: b'\x01\x03\x00\x00\x00\x01\x84\n', hex: 010300000001840a
2023-10-10 18:39:17,238 - INFO - received response b'\x01\x03\x02\x00\x07\xf9\x86', hex:0103020007f986
2023-10-10 18:39:17,238 - DEBUG - passed response 020007
2023-10-10 18:39:17,339 - INFO - sending frame: b'\x01\x03\x00\x00\x00\x01\x84\n', hex: 010300000001840a
2023-10-10 18:39:17,354 - INFO - received response b'\x01\x03\x02\x00\x07\xf9\x86', hex:0103020007f986
2023-10-10 18:39:17,355 - DEBUG - passed response 020007
2023-10-10 18:39:17,456 - INFO - sending frame: b'\x01\x03\x00\x00\x00\x01\x84\n', hex: 010300000001840a
2023-10-10 18:39:17,471 - INFO - received response b'\x01\x03\x02\x00\x07\xf9\x86', hex:0103020007f986
2023-10-10 18:39:17,472 - DEBUG - passed response 020007
2023-10-10 18:39:17,572 - INFO - sending frame: b'\x01\x03\x00\x00\x00\x01\x84\n', hex: 010300000001840a
2023-10-10 18:39:17,587 - INFO - received response b'\x01\x03\x02\x00\x07\xf9\x86', hex:0103020007f986
2023-10-10 18:39:17,588 - DEBUG - passed response 020007
2023-10-10 18:39:17,706 - INFO - sending frame: b'\x01\x03\x00\x00\x00\x01\x84\n', hex: 010300000001840a
2023-10-10 18:39:17,721 - INFO - received response b'\x01\x03\x02\x00\x07\xf9\x86', hex:0103020007f986
2023-10-10 18:39:17,721 - DEBUG - passed response 020007
2023-10-10 18:39:17,822 - INFO - sending frame: b'\x01\x03\x00\x00\x00\x01\x84\n', hex: 010300000001840a
2023-10-10 18:39:17,837 - INFO - received response b'\x01\x03\x02\x00\x07\xf9\x86', hex:0103020007f986
2023-10-10 18:39:17,837 - DEBUG - passed response 020007
2023-10-10 18:39:17,956 - INFO - sending frame: b'\x01\x03\x00\x00\x00\x01\x84\n', hex: 010300000001840a
2023-10-10 18:39:17,971 - INFO - received response b'\x01\x03\x02\x00\x07\xf9\x86', hex:0103020007f986
2023-10-10 18:39:17,971 - DEBUG - passed response 020007
2023-10-10 18:39:18,073 - INFO - sending frame: b'\x01\x03\x00\x00\x00\x01\x84\n', hex: 010300000001840a
2023-10-10 18:39:18,087 - INFO - received response b'\x01\x03\x02\x00\x07\xf9\x86', hex:0103020007f986
2023-10-10 18:39:18,088 - DEBUG - passed response 020007
2023-10-10 18:39:18,206 - INFO - sending frame: b'\x01\x03\x00\x00\x00\x01\x84\n', hex: 010300000001840a
2023-10-10 18:39:18,221 - INFO - received response b'\x01\x03\x02\x00\x07\xf9\x86', hex:0103020007f986
2023-10-10 18:39:18,221 - DEBUG - passed response 020007
2023-10-10 18:39:18,322 - INFO - sending frame: b'\x01\x03\x00\x00\x00\x01\x84\n', hex: 010300000001840a
2023-10-10 18:39:18,337 - INFO - received response b'\x01\x03\x02\x00\x07\xf9\x86', hex:0103020007f986
2023-10-10 18:39:18,338 - DEBUG - passed response 020007
2023-10-10 18:39:18,456 - INFO - sending frame: b'\x01\x03\x00\x00\x00\x01\x84\n', hex: 010300000001840a
2023-10-10 18:39:18,471 - INFO - received response b'\x01\x03\x02\x00\x07\xf9\x86', hex:0103020007f986
2023-10-10 18:39:18,472 - DEBUG - passed response 020007
2023-10-10 18:39:18,573 - INFO - sending frame: b'\x01\x03\x00\x00\x00\x01\x84\n', hex: 010300000001840a
2023-10-10 18:39:18,588 - INFO - received response b'\x01\x03\x02\x00\x07\xf9\x86', hex:0103020007f986
2023-10-10 18:39:18,588 - DEBUG - passed response 020007
2023-10-10 18:39:18,705 - INFO - sending frame: b'\x01\x03\x00\x00\x00\x01\x84\n', hex: 010300000001840a
2023-10-10 18:39:18,720 - INFO - received response b'\x01\x03\x02\x00\x07\xf9\x86', hex:0103020007f986
2023-10-10 18:39:18,721 - DEBUG - passed response 020007
2023-10-10 18:39:18,822 - INFO - sending frame: b'\x01\x03\x00\x00\x00\x01\x84\n', hex: 010300000001840a
2023-10-10 18:39:18,837 - INFO - received response b'\x01\x03\x02\x00\x07\xf9\x86', hex:0103020007f986
2023-10-10 18:39:18,837 - DEBUG - passed response 020007
2023-10-10 18:39:18,956 - INFO - sending frame: b'\x01\x03\x00\x00\x00\x01\x84\n', hex: 010300000001840a
2023-10-10 18:39:18,970 - INFO - received response b'\x01\x03\x02\x00\x07\xf9\x86', hex:0103020007f986
2023-10-10 18:39:18,970 - DEBUG - passed response 020007
2023-10-10 18:39:19,071 - INFO - sending frame: b'\x01\x03\x00\x00\x00\x01\x84\n', hex: 010300000001840a
2023-10-10 18:39:19,086 - INFO - received response b'\x01\x03\x02\x00\x07\xf9\x86', hex:0103020007f986
2023-10-10 18:39:19,086 - DEBUG - passed response 020007
2023-10-10 18:39:19,204 - INFO - sending frame: b'\x01\x03\x00\x00\x00\x01\x84\n', hex: 010300000001840a
2023-10-10 18:39:19,218 - INFO - received response b'\x01\x03\x02\x00\x07\xf9\x86', hex:0103020007f986
2023-10-10 18:39:19,219 - DEBUG - passed response 020007
2023-10-10 18:39:19,320 - INFO - sending frame: b'\x01\x03\x00\x00\x00\x01\x84\n', hex: 010300000001840a
2023-10-10 18:39:19,335 - INFO - received response b'\x01\x03\x02\x00\x07\xf9\x86', hex:0103020007f986
2023-10-10 18:39:19,335 - DEBUG - passed response 020007
2023-10-10 18:39:19,456 - INFO - sending frame: b'\x01\x03\x00\x00\x00\x01\x84\n', hex: 010300000001840a
2023-10-10 18:39:19,471 - INFO - received response b'\x01\x03\x02\x00\x07\xf9\x86', hex:0103020007f986
2023-10-10 18:39:19,471 - DEBUG - passed response 020007
2023-10-10 18:39:19,572 - INFO - sending frame: b'\x01\x03\x00\x00\x00\x01\x84\n', hex: 010300000001840a
2023-10-10 18:39:19,587 - INFO - received response b'\x01\x03\x02\x00\x07\xf9\x86', hex:0103020007f986
2023-10-10 18:39:19,587 - DEBUG - passed response 020007
2023-10-10 18:39:19,702 - INFO - sending frame: b'\x01\x03\x00\x00\x00\x01\x84\n', hex: 010300000001840a
2023-10-10 18:39:19,717 - INFO - received response b'\x01\x03\x02\x00\x07\xf9\x86', hex:0103020007f986
2023-10-10 18:39:19,718 - DEBUG - passed response 020007
2023-10-10 18:39:19,818 - INFO - sending frame: b'\x01\x03\x00\x00\x00\x01\x84\n', hex: 010300000001840a
2023-10-10 18:39:19,833 - INFO - received response b'\x01\x03\x02\x00\x07\xf9\x86', hex:0103020007f986
2023-10-10 18:39:19,833 - DEBUG - passed response 020007
2023-10-10 18:39:19,950 - INFO - sending frame: b'\x01\x03\x00\x00\x00\x01\x84\n', hex: 010300000001840a
2023-10-10 18:39:19,965 - INFO - received response b'\x01\x03\x02\x00\x07\xf9\x86', hex:0103020007f986
2023-10-10 18:39:19,965 - DEBUG - passed response 020007
2023-10-10 18:39:20,066 - INFO - sending frame: b'\x01\x03\x00\x00\x00\x01\x84\n', hex: 010300000001840a
2023-10-10 18:39:20,081 - INFO - received response b'\x01\x03\x02\x00\x07\xf9\x86', hex:0103020007f986
2023-10-10 18:39:20,081 - DEBUG - passed response 020007
2023-10-10 18:39:20,199 - INFO - sending frame: b'\x01\x03\x00\x00\x00\x01\x84\n', hex: 010300000001840a
2023-10-10 18:39:20,214 - INFO - received response b'\x01\x03\x02\x00\x07\xf9\x86', hex:0103020007f986
2023-10-10 18:39:20,214 - DEBUG - passed response 020007
2023-10-10 18:39:20,315 - INFO - sending frame: b'\x01\x03\x00\x00\x00\x01\x84\n', hex: 010300000001840a
2023-10-10 18:39:20,329 - INFO - received response b'\x01\x03\x02\x00\x07\xf9\x86', hex:0103020007f986
2023-10-10 18:39:20,330 - DEBUG - passed response 020007
2023-10-10 18:39:20,446 - INFO - sending frame: b'\x01\x03\x00\x00\x00\x01\x84\n', hex: 010300000001840a
2023-10-10 18:39:20,461 - INFO - received response b'\x01\x03\x02\x00\x07\xf9\x86', hex:0103020007f986
2023-10-10 18:39:20,461 - DEBUG - passed response 020007
2023-10-10 18:39:20,562 - INFO - sending frame: b'\x01\x03\x00\x00\x00\x01\x84\n', hex: 010300000001840a
2023-10-10 18:39:20,577 - INFO - received response b'\x01\x03\x02\x00\x07\xf9\x86', hex:0103020007f986
2023-10-10 18:39:20,577 - DEBUG - passed response 020007
2023-10-10 18:39:20,695 - INFO - sending frame: b'\x01\x03\x00\x00\x00\x01\x84\n', hex: 010300000001840a
2023-10-10 18:39:20,710 - INFO - received response b'\x01\x03\x02\x00\x07\xf9\x86', hex:0103020007f986
2023-10-10 18:39:20,710 - DEBUG - passed response 020007
2023-10-10 18:39:20,811 - INFO - sending frame: b'\x01\x03\x00\x00\x00\x01\x84\n', hex: 010300000001840a
2023-10-10 18:39:20,826 - INFO - received response b'\x01\x03\x02\x00\x07\xf9\x86', hex:0103020007f986
2023-10-10 18:39:20,827 - DEBUG - passed response 020007
2023-10-10 18:39:20,945 - INFO - sending frame: b'\x01\x03\x00\x00\x00\x01\x84\n', hex: 010300000001840a
2023-10-10 18:39:20,960 - INFO - received response b'\x01\x03\x02\x00\x07\xf9\x86', hex:0103020007f986
2023-10-10 18:39:20,960 - DEBUG - passed response 020007
2023-10-10 18:39:21,061 - INFO - sending frame: b'\x01\x03\x00\x00\x00\x01\x84\n', hex: 010300000001840a
2023-10-10 18:39:21,076 - INFO - received response b'\x01\x03\x02\x00\x07\xf9\x86', hex:0103020007f986
2023-10-10 18:39:21,076 - DEBUG - passed response 020007
2023-10-10 18:39:21,194 - INFO - sending frame: b'\x01\x03\x00\x00\x00\x01\x84\n', hex: 010300000001840a
2023-10-10 18:39:21,209 - INFO - received response b'\x01\x03\x02\x00\x07\xf9\x86', hex:0103020007f986
2023-10-10 18:39:21,209 - DEBUG - passed response 020007
2023-10-10 18:39:21,310 - INFO - sending frame: b'\x01\x03\x00\x00\x00\x01\x84\n', hex: 010300000001840a
2023-10-10 18:39:21,325 - INFO - received response b'\x01\x03\x02\x00\x07\xf9\x86', hex:0103020007f986
2023-10-10 18:39:21,325 - DEBUG - passed response 020007
2023-10-10 18:39:21,443 - INFO - sending frame: b'\x01\x03\x00\x00\x00\x01\x84\n', hex: 010300000001840a
2023-10-10 18:39:21,457 - INFO - received response b'\x01\x03\x02\x00\x07\xf9\x86', hex:0103020007f986
2023-10-10 18:39:21,458 - DEBUG - passed response 020007
2023-10-10 18:39:21,559 - INFO - sending frame: b'\x01\x03\x00\x00\x00\x01\x84\n', hex: 010300000001840a
2023-10-10 18:39:21,573 - INFO - received response b'\x01\x03\x02\x00\x07\xf9\x86', hex:0103020007f986
2023-10-10 18:39:21,574 - DEBUG - passed response 020007
2023-10-10 18:39:21,675 - INFO - sending frame: b'\x01\x03\x00\x00\x00\x01\x84\n', hex: 010300000001840a
2023-10-10 18:39:21,690 - INFO - received response b'\x01\x03\x02\x00\x07\xf9\x86', hex:0103020007f986
2023-10-10 18:39:21,690 - DEBUG - passed response 020007
2023-10-10 18:39:21,808 - INFO - sending frame: b'\x01\x03\x00\x00\x00\x01\x84\n', hex: 010300000001840a
2023-10-10 18:39:21,822 - INFO - received response b'\x01\x03\x02\x00\x07\xf9\x86', hex:0103020007f986
2023-10-10 18:39:21,823 - DEBUG - passed response 020007
2023-10-10 18:39:21,924 - INFO - sending frame: b'\x01\x03\x00\x00\x00\x01\x84\n', hex: 010300000001840a
2023-10-10 18:39:21,939 - INFO - received response b'\x01\x03\x02\x00\x07\xf9\x86', hex:0103020007f986
2023-10-10 18:39:21,939 - DEBUG - passed response 020007
2023-10-10 18:39:22,057 - INFO - sending frame: b'\x01\x03\x00\x00\x00\x01\x84\n', hex: 010300000001840a
2023-10-10 18:39:22,072 - INFO - received response b'\x01\x03\x02\x00\x07\xf9\x86', hex:0103020007f986
2023-10-10 18:39:22,072 - DEBUG - passed response 020007
2023-10-10 18:39:22,173 - INFO - sending frame: b'\x01\x03\x00\x00\x00\x01\x84\n', hex: 010300000001840a
2023-10-10 18:39:22,188 - INFO - received response b'\x01\x03\x02\x00\x07\xf9\x86', hex:0103020007f986
2023-10-10 18:39:22,188 - DEBUG - passed response 020007
2023-10-10 18:39:22,306 - INFO - sending frame: b'\x01\x03\x00\x00\x00\x01\x84\n', hex: 010300000001840a
2023-10-10 18:39:22,321 - INFO - received response b'\x01\x03\x02\x00\x07\xf9\x86', hex:0103020007f986
2023-10-10 18:39:22,321 - DEBUG - passed response 020007
2023-10-10 18:39:22,422 - INFO - sending frame: b'\x01\x03\x00\x00\x00\x01\x84\n', hex: 010300000001840a
2023-10-10 18:39:22,437 - INFO - received response b'\x01\x03\x02\x00\x07\xf9\x86', hex:0103020007f986
2023-10-10 18:39:22,437 - DEBUG - passed response 020007
2023-10-10 18:39:22,555 - INFO - sending frame: b'\x01\x03\x00\x00\x00\x01\x84\n', hex: 010300000001840a
2023-10-10 18:39:22,570 - INFO - received response b'\x01\x03\x02\x00\x07\xf9\x86', hex:0103020007f986
2023-10-10 18:39:22,570 - DEBUG - passed response 020007
2023-10-10 18:39:22,671 - INFO - sending frame: b'\x01\x03\x00\x00\x00\x01\x84\n', hex: 010300000001840a
2023-10-10 18:39:22,686 - INFO - received response b'\x01\x03\x02\x00\x07\xf9\x86', hex:0103020007f986
2023-10-10 18:39:22,686 - DEBUG - passed response 020007
2023-10-10 18:39:22,804 - INFO - sending frame: b'\x01\x03\x00\x00\x00\x01\x84\n', hex: 010300000001840a
2023-10-10 18:39:22,819 - INFO - received response b'\x01\x03\x02\x00\x07\xf9\x86', hex:0103020007f986
2023-10-10 18:39:22,819 - DEBUG - passed response 020007
2023-10-10 18:39:22,920 - INFO - sending frame: b'\x01\x03\x00\x00\x00\x01\x84\n', hex: 010300000001840a
2023-10-10 18:39:22,935 - INFO - received response b'\x01\x03\x02\x00\x07\xf9\x86', hex:0103020007f986
2023-10-10 18:39:22,936 - DEBUG - passed response 020007
2023-10-10 18:39:23,053 - INFO - sending frame: b'\x01\x03\x00\x00\x00\x01\x84\n', hex: 010300000001840a
2023-10-10 18:39:23,068 - INFO - received response b'\x01\x03\x02\x00\x07\xf9\x86', hex:0103020007f986
2023-10-10 18:39:23,068 - DEBUG - passed response 020007
2023-10-10 18:39:23,170 - INFO - sending frame: b'\x01\x03\x00\x00\x00\x01\x84\n', hex: 010300000001840a
2023-10-10 18:39:23,184 - INFO - received response b'\x01\x03\x02\x00\x07\xf9\x86', hex:0103020007f986
2023-10-10 18:39:23,185 - DEBUG - passed response 020007
2023-10-10 18:39:23,304 - INFO - sending frame: b'\x01\x03\x00\x00\x00\x01\x84\n', hex: 010300000001840a
2023-10-10 18:39:23,319 - INFO - received response b'\x01\x03\x02\x00\x07\xf9\x86', hex:0103020007f986
2023-10-10 18:39:23,319 - DEBUG - passed response 020007
2023-10-10 18:39:23,420 - INFO - sending frame: b'\x01\x03\x00\x00\x00\x01\x84\n', hex: 010300000001840a
2023-10-10 18:39:23,435 - INFO - received response b'\x01\x03\x02\x00\x07\xf9\x86', hex:0103020007f986
2023-10-10 18:39:23,435 - DEBUG - passed response 020007
2023-10-10 18:39:23,551 - INFO - sending frame: b'\x01\x03\x00\x00\x00\x01\x84\n', hex: 010300000001840a
2023-10-10 18:39:23,566 - INFO - received response b'\x01\x03\x02\x00\x07\xf9\x86', hex:0103020007f986
2023-10-10 18:39:23,566 - DEBUG - passed response 020007
2023-10-10 18:39:23,667 - INFO - sending frame: b'\x01\x03\x00\x00\x00\x01\x84\n', hex: 010300000001840a
2023-10-10 18:39:23,682 - INFO - received response b'\x01\x03\x02\x00\x07\xf9\x86', hex:0103020007f986
2023-10-10 18:39:23,683 - DEBUG - passed response 020007
2023-10-10 18:39:23,801 - INFO - sending frame: b'\x01\x03\x00\x00\x00\x01\x84\n', hex: 010300000001840a
2023-10-10 18:39:23,816 - INFO - received response b'\x01\x03\x02\x00\x07\xf9\x86', hex:0103020007f986
2023-10-10 18:39:23,816 - DEBUG - passed response 020007
2023-10-10 18:39:23,917 - INFO - sending frame: b'\x01\x03\x00\x00\x00\x01\x84\n', hex: 010300000001840a
2023-10-10 18:39:23,932 - INFO - received response b'\x01\x03\x02\x00\x07\xf9\x86', hex:0103020007f986
2023-10-10 18:39:23,933 - DEBUG - passed response 020007
2023-10-10 18:39:24,055 - INFO - sending frame: b'\x01\x03\x00\x00\x00\x01\x84\n', hex: 010300000001840a
2023-10-10 18:39:24,070 - INFO - received response b'\x01\x03\x02\x00\x07\xf9\x86', hex:0103020007f986
2023-10-10 18:39:24,071 - DEBUG - passed response 020007
2023-10-10 18:39:24,172 - INFO - sending frame: b'\x01\x03\x00\x00\x00\x01\x84\n', hex: 010300000001840a
2023-10-10 18:39:24,187 - INFO - received response b'\x01\x03\x02\x00\x07\xf9\x86', hex:0103020007f986
2023-10-10 18:39:24,187 - DEBUG - passed response 020007
2023-10-10 18:39:24,305 - INFO - sending frame: b'\x01\x03\x00\x00\x00\x01\x84\n', hex: 010300000001840a
2023-10-10 18:39:24,319 - INFO - received response b'\x01\x03\x02\x00\x07\xf9\x86', hex:0103020007f986
2023-10-10 18:39:24,320 - DEBUG - passed response 020007
2023-10-10 18:39:24,421 - INFO - sending frame: b'\x01\x03\x00\x00\x00\x01\x84\n', hex: 010300000001840a
2023-10-10 18:39:24,436 - INFO - received response b'\x01\x03\x02\x00\x07\xf9\x86', hex:0103020007f986
2023-10-10 18:39:24,436 - DEBUG - passed response 020007
2023-10-10 18:39:24,537 - INFO - sending frame: b'\x01\x03\x00\x00\x00\x01\x84\n', hex: 010300000001840a
2023-10-10 18:39:24,552 - INFO - received response b'\x01\x03\x02\x00\x07\xf9\x86', hex:0103020007f986
2023-10-10 18:39:24,552 - DEBUG - passed response 020007
2023-10-10 18:39:24,671 - INFO - sending frame: b'\x01\x03\x00\x00\x00\x01\x84\n', hex: 010300000001840a
2023-10-10 18:39:24,685 - INFO - received response b'\x01\x03\x02\x00\x07\xf9\x86', hex:0103020007f986
2023-10-10 18:39:24,686 - DEBUG - passed response 020007
2023-10-10 18:39:24,787 - INFO - sending frame: b'\x01\x03\x00\x00\x00\x01\x84\n', hex: 010300000001840a
2023-10-10 18:39:24,801 - INFO - received response b'\x01\x03\x02\x00\x07\xf9\x86', hex:0103020007f986
2023-10-10 18:39:24,801 - DEBUG - passed response 020007
2023-10-10 18:39:24,902 - INFO - sending frame: b'\x01\x03\x00\x00\x00\x01\x84\n', hex: 010300000001840a
2023-10-10 18:39:24,918 - INFO - received response b'\x01\x03\x02\x00\x07\xf9\x86', hex:0103020007f986
2023-10-10 18:39:24,918 - DEBUG - passed response 020007
2023-10-10 18:39:25,019 - INFO - sending frame: b'\x01\x03\x00\x00\x00\x01\x84\n', hex: 010300000001840a
2023-10-10 18:39:25,034 - INFO - received response b'\x01\x03\x02\x00\x07\xf9\x86', hex:0103020007f986
2023-10-10 18:39:25,035 - DEBUG - passed response 020007
2023-10-10 18:39:25,136 - INFO - sending frame: b'\x01\x03\x00\x00\x00\x01\x84\n', hex: 010300000001840a
2023-10-10 18:39:25,150 - INFO - received response b'\x01\x03\x02\x00\x07\xf9\x86', hex:0103020007f986
2023-10-10 18:39:25,151 - DEBUG - passed response 020007
2023-10-10 18:39:25,269 - INFO - sending frame: b'\x01\x03\x00\x00\x00\x01\x84\n', hex: 010300000001840a
2023-10-10 18:39:25,284 - INFO - received response b'\x01\x03\x02\x00\x07\xf9\x86', hex:0103020007f986
2023-10-10 18:39:25,284 - DEBUG - passed response 020007
2023-10-10 18:39:25,385 - INFO - sending frame: b'\x01\x03\x00\x00\x00\x01\x84\n', hex: 010300000001840a
2023-10-10 18:39:25,400 - INFO - received response b'\x01\x03\x02\x00\x07\xf9\x86', hex:0103020007f986
2023-10-10 18:39:25,400 - DEBUG - passed response 020007
2023-10-10 18:39:25,522 - INFO - sending frame: b'\x01\x03\x00\x00\x00\x01\x84\n', hex: 010300000001840a
2023-10-10 18:39:25,537 - INFO - received response b'\x01\x03\x02\x00\x07\xf9\x86', hex:0103020007f986
2023-10-10 18:39:25,537 - DEBUG - passed response 020007
2023-10-10 18:39:25,638 - INFO - sending frame: b'\x01\x03\x00\x00\x00\x01\x84\n', hex: 010300000001840a
2023-10-10 18:39:25,653 - INFO - received response b'\x01\x03\x02\x00\x07\xf9\x86', hex:0103020007f986
2023-10-10 18:39:25,653 - DEBUG - passed response 020007
2023-10-10 18:39:25,754 - INFO - sending frame: b'\x01\x03\x00\x00\x00\x01\x84\n', hex: 010300000001840a
2023-10-10 18:39:25,769 - INFO - received response b'\x01\x03\x02\x00\x07\xf9\x86', hex:0103020007f986
2023-10-10 18:39:25,769 - DEBUG - passed response 020007
2023-10-10 18:39:25,889 - INFO - sending frame: b'\x01\x03\x00\x00\x00\x01\x84\n', hex: 010300000001840a
2023-10-10 18:39:25,904 - INFO - received response b'\x01\x03\x02\x00\x07\xf9\x86', hex:0103020007f986
2023-10-10 18:39:25,904 - DEBUG - passed response 020007
2023-10-10 18:39:26,005 - INFO - sending frame: b'\x01\x03\x00\x00\x00\x01\x84\n', hex: 010300000001840a
2023-10-10 18:39:26,020 - INFO - received response b'\x01\x03\x02\x00\x07\xf9\x86', hex:0103020007f986
2023-10-10 18:39:26,020 - DEBUG - passed response 020007
2023-10-10 18:39:26,121 - INFO - sending frame: b'\x01\x03\x00\x00\x00\x01\x84\n', hex: 010300000001840a
2023-10-10 18:39:26,136 - INFO - received response b'\x01\x03\x02\x00\x07\xf9\x86', hex:0103020007f986
2023-10-10 18:39:26,136 - DEBUG - passed response 020007
2023-10-10 18:39:26,254 - INFO - sending frame: b'\x01\x03\x00\x00\x00\x01\x84\n', hex: 010300000001840a
2023-10-10 18:39:26,269 - INFO - received response b'\x01\x03\x02\x00\x07\xf9\x86', hex:0103020007f986
2023-10-10 18:39:26,269 - DEBUG - passed response 020007
2023-10-10 18:39:26,370 - INFO - sending frame: b'\x01\x03\x00\x00\x00\x01\x84\n', hex: 010300000001840a
2023-10-10 18:39:26,385 - INFO - received response b'\x01\x03\x02\x00\x07\xf9\x86', hex:0103020007f986
2023-10-10 18:39:26,385 - DEBUG - passed response 020007
2023-10-10 18:39:26,487 - INFO - sending frame: b'\x01\x03\x00\x00\x00\x01\x84\n', hex: 010300000001840a
2023-10-10 18:39:26,501 - INFO - received response b'\x01\x03\x02\x00\x07\xf9\x86', hex:0103020007f986
2023-10-10 18:39:26,502 - DEBUG - passed response 020007
2023-10-10 18:39:26,603 - INFO - sending frame: b'\x01\x03\x00\x00\x00\x01\x84\n', hex: 010300000001840a
2023-10-10 18:39:26,618 - INFO - received response b'\x01\x03\x02\x00\x07\xf9\x86', hex:0103020007f986
2023-10-10 18:39:26,618 - DEBUG - passed response 020007
2023-10-10 18:39:26,736 - INFO - sending frame: b'\x01\x03\x00\x00\x00\x01\x84\n', hex: 010300000001840a
2023-10-10 18:39:26,751 - INFO - received response b'\x01\x03\x02\x00\x07\xf9\x86', hex:0103020007f986
2023-10-10 18:39:26,751 - DEBUG - passed response 020007
2023-10-10 18:39:26,852 - INFO - sending frame: b'\x01\x03\x00\x00\x00\x01\x84\n', hex: 010300000001840a
2023-10-10 18:39:26,867 - INFO - received response b'\x01\x03\x02\x00\x07\xf9\x86', hex:0103020007f986
2023-10-10 18:39:26,868 - DEBUG - passed response 020007
2023-10-10 18:39:26,987 - INFO - sending frame: b'\x01\x03\x00\x00\x00\x01\x84\n', hex: 010300000001840a
2023-10-10 18:39:27,002 - INFO - received response b'\x01\x03\x02\x00\x07\xf9\x86', hex:0103020007f986
2023-10-10 18:39:27,002 - DEBUG - passed response 020007
2023-10-10 18:39:27,103 - INFO - sending frame: b'\x01\x03\x00\x00\x00\x01\x84\n', hex: 010300000001840a
2023-10-10 18:39:27,118 - INFO - received response b'\x01\x03\x02\x00\x07\xf9\x86', hex:0103020007f986
2023-10-10 18:39:27,118 - DEBUG - passed response 020007
2023-10-10 18:39:27,236 - INFO - sending frame: b'\x01\x03\x00\x00\x00\x01\x84\n', hex: 010300000001840a
2023-10-10 18:39:27,250 - INFO - received response b'\x01\x03\x02\x00\x07\xf9\x86', hex:0103020007f986
2023-10-10 18:39:27,251 - DEBUG - passed response 020007
2023-10-10 18:39:27,353 - INFO - sending frame: b'\x01\x03\x00\x00\x00\x01\x84\n', hex: 010300000001840a
2023-10-10 18:39:27,368 - INFO - received response b'\x01\x03\x02\x00\x07\xf9\x86', hex:0103020007f986
2023-10-10 18:39:27,368 - DEBUG - passed response 020007
2023-10-10 18:39:27,485 - INFO - sending frame: b'\x01\x03\x00\x00\x00\x01\x84\n', hex: 010300000001840a
2023-10-10 18:39:27,500 - INFO - received response b'\x01\x03\x02\x00\x07\xf9\x86', hex:0103020007f986
2023-10-10 18:39:27,500 - DEBUG - passed response 020007
2023-10-10 18:39:27,602 - INFO - sending frame: b'\x01\x03\x00\x00\x00\x01\x84\n', hex: 010300000001840a
2023-10-10 18:39:27,617 - INFO - received response b'\x01\x03\x02\x00\x07\xf9\x86', hex:0103020007f986
2023-10-10 18:39:27,617 - DEBUG - passed response 020007
2023-10-10 18:39:27,737 - INFO - sending frame: b'\x01\x03\x00\x00\x00\x01\x84\n', hex: 010300000001840a
2023-10-10 18:39:27,752 - INFO - received response b'\x01\x03\x02\x00\x07\xf9\x86', hex:0103020007f986
2023-10-10 18:39:27,752 - DEBUG - passed response 020007
2023-10-10 18:39:27,856 - INFO - sending frame: b'\x01\x03\x00\x00\x00\x01\x84\n', hex: 010300000001840a
2023-10-10 18:39:27,871 - INFO - received response b'\x01\x03\x02\x00\x07\xf9\x86', hex:0103020007f986
2023-10-10 18:39:27,872 - DEBUG - passed response 020007
2023-10-10 18:39:27,974 - INFO - sending frame: b'\x01\x03\x00\x00\x00\x01\x84\n', hex: 010300000001840a
2023-10-10 18:39:27,988 - INFO - received response b'\x01\x03\x02\x00\x07\xf9\x86', hex:0103020007f986
2023-10-10 18:39:27,989 - DEBUG - passed response 020007
2023-10-10 18:39:28,105 - INFO - sending frame: b'\x01\x03\x00\x00\x00\x01\x84\n', hex: 010300000001840a
2023-10-10 18:39:28,120 - INFO - received response b'\x01\x03\x02\x00\x07\xf9\x86', hex:0103020007f986
2023-10-10 18:39:28,120 - DEBUG - passed response 020007
2023-10-10 18:39:28,221 - INFO - sending frame: b'\x01\x03\x00\x00\x00\x01\x84\n', hex: 010300000001840a
2023-10-10 18:39:28,236 - INFO - received response b'\x01\x03\x02\x00\x07\xf9\x86', hex:0103020007f986
2023-10-10 18:39:28,236 - DEBUG - passed response 020007
2023-10-10 18:39:28,354 - INFO - sending frame: b'\x01\x03\x00\x00\x00\x01\x84\n', hex: 010300000001840a
2023-10-10 18:39:28,369 - INFO - received response b'\x01\x03\x02\x00\x07\xf9\x86', hex:0103020007f986
2023-10-10 18:39:28,369 - DEBUG - passed response 020007
2023-10-10 18:39:28,470 - INFO - sending frame: b'\x01\x03\x00\x00\x00\x01\x84\n', hex: 010300000001840a
2023-10-10 18:39:28,485 - INFO - received response b'\x01\x03\x02\x00\x07\xf9\x86', hex:0103020007f986
2023-10-10 18:39:28,485 - DEBUG - passed response 020007
2023-10-10 18:39:28,603 - INFO - sending frame: b'\x01\x03\x00\x00\x00\x01\x84\n', hex: 010300000001840a
2023-10-10 18:39:28,618 - INFO - received response b'\x01\x03\x02\x00\x07\xf9\x86', hex:0103020007f986
2023-10-10 18:39:28,618 - DEBUG - passed response 020007
2023-10-10 18:39:28,719 - INFO - sending frame: b'\x01\x03\x00\x00\x00\x01\x84\n', hex: 010300000001840a
2023-10-10 18:39:28,734 - INFO - received response b'\x01\x03\x02\x00\x07\xf9\x86', hex:0103020007f986
2023-10-10 18:39:28,734 - DEBUG - passed response 020007
2023-10-10 18:39:28,853 - INFO - sending frame: b'\x01\x03\x00\x00\x00\x01\x84\n', hex: 010300000001840a
2023-10-10 18:39:28,868 - INFO - received response b'\x01\x03\x02\x00\x07\xf9\x86', hex:0103020007f986
2023-10-10 18:39:28,868 - DEBUG - passed response 020007
2023-10-10 18:39:28,969 - INFO - sending frame: b'\x01\x03\x00\x00\x00\x01\x84\n', hex: 010300000001840a
2023-10-10 18:39:28,984 - INFO - received response b'\x01\x03\x02\x00\x07\xf9\x86', hex:0103020007f986
2023-10-10 18:39:28,984 - DEBUG - passed response 020007
2023-10-10 18:39:29,102 - INFO - sending frame: b'\x01\x03\x00\x00\x00\x01\x84\n', hex: 010300000001840a
2023-10-10 18:39:29,117 - INFO - received response b'\x01\x03\x02\x00\x07\xf9\x86', hex:0103020007f986
2023-10-10 18:39:29,117 - DEBUG - passed response 020007
2023-10-10 18:39:29,218 - INFO - sending frame: b'\x01\x03\x00\x00\x00\x01\x84\n', hex: 010300000001840a
2023-10-10 18:39:29,233 - INFO - received response b'\x01\x03\x02\x00\x07\xf9\x86', hex:0103020007f986
2023-10-10 18:39:29,233 - DEBUG - passed response 020007
2023-10-10 18:39:29,351 - INFO - sending frame: b'\x01\x03\x00\x00\x00\x01\x84\n', hex: 010300000001840a
2023-10-10 18:39:29,366 - INFO - received response b'\x01\x03\x02\x00\x07\xf9\x86', hex:0103020007f986
2023-10-10 18:39:29,366 - DEBUG - passed response 020007
2023-10-10 18:39:29,467 - INFO - sending frame: b'\x01\x03\x00\x00\x00\x01\x84\n', hex: 010300000001840a
2023-10-10 18:39:29,482 - INFO - received response b'\x01\x03\x02\x00\x07\xf9\x86', hex:0103020007f986
2023-10-10 18:39:29,482 - DEBUG - passed response 020007
2023-10-10 18:39:29,598 - INFO - sending frame: b'\x01\x03\x00\x00\x00\x01\x84\n', hex: 010300000001840a
2023-10-10 18:39:29,613 - INFO - received response b'\x01\x03\x02\x00\x07\xf9\x86', hex:0103020007f986
2023-10-10 18:39:29,613 - DEBUG - passed response 020007
2023-10-10 18:39:29,714 - INFO - sending frame: b'\x01\x03\x00\x00\x00\x01\x84\n', hex: 010300000001840a
2023-10-10 18:39:29,729 - INFO - received response b'\x01\x03\x02\x00\x07\xf9\x86', hex:0103020007f986
2023-10-10 18:39:29,729 - DEBUG - passed response 020007
2023-10-10 18:39:29,846 - INFO - sending frame: b'\x01\x03\x00\x00\x00\x01\x84\n', hex: 010300000001840a
2023-10-10 18:39:29,861 - INFO - received response b'\x01\x03\x02\x00\x07\xf9\x86', hex:0103020007f986
2023-10-10 18:39:29,862 - DEBUG - passed response 020007
2023-10-10 18:39:29,963 - INFO - sending frame: b'\x01\x03\x00\x00\x00\x01\x84\n', hex: 010300000001840a
2023-10-10 18:39:29,978 - INFO - received response b'\x01\x03\x02\x00\x07\xf9\x86', hex:0103020007f986
2023-10-10 18:39:29,978 - DEBUG - passed response 020007
2023-10-10 18:39:30,096 - INFO - sending frame: b'\x01\x03\x00\x00\x00\x01\x84\n', hex: 010300000001840a
2023-10-10 18:39:30,110 - INFO - received response b'\x01\x03\x02\x00\x07\xf9\x86', hex:0103020007f986
2023-10-10 18:39:30,111 - DEBUG - passed response 020007
2023-10-10 18:39:30,212 - INFO - sending frame: b'\x01\x03\x00\x00\x00\x01\x84\n', hex: 010300000001840a
2023-10-10 18:39:30,226 - INFO - received response b'\x01\x03\x02\x00\x07\xf9\x86', hex:0103020007f986
2023-10-10 18:39:30,227 - DEBUG - passed response 020007
2023-10-10 18:39:30,345 - INFO - sending frame: b'\x01\x03\x00\x00\x00\x01\x84\n', hex: 010300000001840a
2023-10-10 18:39:30,360 - INFO - received response b'\x01\x03\x02\x00\x07\xf9\x86', hex:0103020007f986
2023-10-10 18:39:30,360 - DEBUG - passed response 020007
2023-10-10 18:39:30,461 - INFO - sending frame: b'\x01\x03\x00\x00\x00\x01\x84\n', hex: 010300000001840a
2023-10-10 18:39:30,476 - INFO - received response b'\x01\x03\x02\x00\x07\xf9\x86', hex:0103020007f986
2023-10-10 18:39:30,477 - DEBUG - passed response 020007
2023-10-10 18:39:30,595 - INFO - sending frame: b'\x01\x03\x00\x00\x00\x01\x84\n', hex: 010300000001840a
2023-10-10 18:39:30,610 - INFO - received response b'\x01\x03\x02\x00\x07\xf9\x86', hex:0103020007f986
2023-10-10 18:39:30,611 - DEBUG - passed response 020007
2023-10-10 18:39:30,712 - INFO - sending frame: b'\x01\x03\x00\x00\x00\x01\x84\n', hex: 010300000001840a
2023-10-10 18:39:30,727 - INFO - received response b'\x01\x03\x02\x00\x07\xf9\x86', hex:0103020007f986
2023-10-10 18:39:30,727 - DEBUG - passed response 020007
2023-10-10 18:39:30,845 - INFO - sending frame: b'\x01\x03\x00\x00\x00\x01\x84\n', hex: 010300000001840a
2023-10-10 18:39:30,860 - INFO - received response b'\x01\x03\x02\x00\x07\xf9\x86', hex:0103020007f986
2023-10-10 18:39:30,860 - DEBUG - passed response 020007
2023-10-10 18:39:30,961 - INFO - sending frame: b'\x01\x03\x00\x00\x00\x01\x84\n', hex: 010300000001840a
2023-10-10 18:39:30,976 - INFO - received response b'\x01\x03\x02\x00\x07\xf9\x86', hex:0103020007f986
2023-10-10 18:39:30,977 - DEBUG - passed response 020007
2023-10-10 18:39:31,095 - INFO - sending frame: b'\x01\x03\x00\x00\x00\x01\x84\n', hex: 010300000001840a
2023-10-10 18:39:31,110 - INFO - received response b'\x01\x03\x02\x00\x07\xf9\x86', hex:0103020007f986
2023-10-10 18:39:31,110 - DEBUG - passed response 020007
2023-10-10 18:39:31,211 - INFO - sending frame: b'\x01\x03\x00\x00\x00\x01\x84\n', hex: 010300000001840a
2023-10-10 18:39:31,226 - INFO - received response b'\x01\x03\x02\x00\x07\xf9\x86', hex:0103020007f986
2023-10-10 18:39:31,227 - DEBUG - passed response 020007
2023-10-10 18:39:31,344 - INFO - sending frame: b'\x01\x03\x00\x00\x00\x01\x84\n', hex: 010300000001840a
2023-10-10 18:39:31,359 - INFO - received response b'\x01\x03\x02\x00\x07\xf9\x86', hex:0103020007f986
2023-10-10 18:39:31,360 - DEBUG - passed response 020007
2023-10-10 18:39:31,461 - INFO - sending frame: b'\x01\x03\x00\x00\x00\x01\x84\n', hex: 010300000001840a
2023-10-10 18:39:31,476 - INFO - received response b'\x01\x03\x02\x00\x07\xf9\x86', hex:0103020007f986
2023-10-10 18:39:31,476 - DEBUG - passed response 020007
2023-10-10 18:39:31,594 - INFO - sending frame: b'\x01\x03\x00\x00\x00\x01\x84\n', hex: 010300000001840a
2023-10-10 18:39:31,609 - INFO - received response b'\x01\x03\x02\x00\x07\xf9\x86', hex:0103020007f986
2023-10-10 18:39:31,609 - DEBUG - passed response 020007
2023-10-10 18:39:31,710 - INFO - sending frame: b'\x01\x03\x00\x00\x00\x01\x84\n', hex: 010300000001840a
2023-10-10 18:39:31,725 - INFO - received response b'\x01\x03\x02\x00\x07\xf9\x86', hex:0103020007f986
2023-10-10 18:39:31,726 - DEBUG - passed response 020007
2023-10-10 18:39:31,844 - INFO - sending frame: b'\x01\x03\x00\x00\x00\x01\x84\n', hex: 010300000001840a
2023-10-10 18:39:31,859 - INFO - received response b'\x01\x03\x02\x00\x07\xf9\x86', hex:0103020007f986
2023-10-10 18:39:31,859 - DEBUG - passed response 020007
2023-10-10 18:39:31,960 - INFO - sending frame: b'\x01\x03\x00\x00\x00\x01\x84\n', hex: 010300000001840a
2023-10-10 18:39:31,975 - INFO - received response b'\x01\x03\x02\x00\x07\xf9\x86', hex:0103020007f986
2023-10-10 18:39:31,976 - DEBUG - passed response 020007
2023-10-10 18:39:32,094 - INFO - sending frame: b'\x01\x03\x00\x00\x00\x01\x84\n', hex: 010300000001840a
2023-10-10 18:39:32,109 - INFO - received response b'\x01\x03\x02\x00\x07\xf9\x86', hex:0103020007f986
2023-10-10 18:39:32,109 - DEBUG - passed response 020007
2023-10-10 18:39:32,210 - INFO - sending frame: b'\x01\x03\x00\x00\x00\x01\x84\n', hex: 010300000001840a
2023-10-10 18:39:32,225 - INFO - received response b'\x01\x03\x02\x00\x07\xf9\x86', hex:0103020007f986
2023-10-10 18:39:32,226 - DEBUG - passed response 020007
2023-10-10 18:39:32,344 - INFO - sending frame: b'\x01\x03\x00\x00\x00\x01\x84\n', hex: 010300000001840a
2023-10-10 18:39:32,359 - INFO - received response b'\x01\x03\x02\x00\x07\xf9\x86', hex:0103020007f986
2023-10-10 18:39:32,359 - DEBUG - passed response 020007
2023-10-10 18:39:32,460 - INFO - sending frame: b'\x01\x03\x00\x00\x00\x01\x84\n', hex: 010300000001840a
2023-10-10 18:39:32,476 - INFO - received response b'\x01\x03\x02\x00\x07\xf9\x86', hex:0103020007f986
2023-10-10 18:39:32,476 - DEBUG - passed response 020007
2023-10-10 18:39:32,594 - INFO - sending frame: b'\x01\x03\x00\x00\x00\x01\x84\n', hex: 010300000001840a
2023-10-10 18:39:32,609 - INFO - received response b'\x01\x03\x02\x00\x07\xf9\x86', hex:0103020007f986
2023-10-10 18:39:32,609 - DEBUG - passed response 020007
2023-10-10 18:39:32,710 - INFO - sending frame: b'\x01\x03\x00\x00\x00\x01\x84\n', hex: 010300000001840a
2023-10-10 18:39:32,725 - INFO - received response b'\x01\x03\x02\x00\x07\xf9\x86', hex:0103020007f986
2023-10-10 18:39:32,726 - DEBUG - passed response 020007
2023-10-10 18:39:32,844 - INFO - sending frame: b'\x01\x03\x00\x00\x00\x01\x84\n', hex: 010300000001840a
2023-10-10 18:39:32,859 - INFO - received response b'\x01\x03\x02\x00\x07\xf9\x86', hex:0103020007f986
2023-10-10 18:39:32,859 - DEBUG - passed response 020007
2023-10-10 18:39:32,960 - INFO - sending frame: b'\x01\x03\x00\x00\x00\x01\x84\n', hex: 010300000001840a
2023-10-10 18:39:32,975 - INFO - received response b'\x01\x03\x02\x00\x07\xf9\x86', hex:0103020007f986
2023-10-10 18:39:32,976 - DEBUG - passed response 020007
2023-10-10 18:39:33,094 - INFO - sending frame: b'\x01\x03\x00\x00\x00\x01\x84\n', hex: 010300000001840a
2023-10-10 18:39:33,109 - INFO - received response b'\x01\x03\x02\x00\x07\xf9\x86', hex:0103020007f986
2023-10-10 18:39:33,110 - DEBUG - passed response 020007
2023-10-10 18:39:33,211 - INFO - sending frame: b'\x01\x03\x00\x00\x00\x01\x84\n', hex: 010300000001840a
2023-10-10 18:39:33,226 - INFO - received response b'\x01\x03\x02\x00\x07\xf9\x86', hex:0103020007f986
2023-10-10 18:39:33,226 - DEBUG - passed response 020007
2023-10-10 18:39:33,342 - INFO - sending frame: b'\x01\x03\x00\x00\x00\x01\x84\n', hex: 010300000001840a
2023-10-10 18:39:33,357 - INFO - received response b'\x01\x03\x02\x00\x07\xf9\x86', hex:0103020007f986
2023-10-10 18:39:33,357 - DEBUG - passed response 020007
2023-10-10 18:39:33,459 - INFO - sending frame: b'\x01\x03\x00\x00\x00\x01\x84\n', hex: 010300000001840a
2023-10-10 18:39:33,474 - INFO - received response b'\x01\x03\x02\x00\x07\xf9\x86', hex:0103020007f986
2023-10-10 18:39:33,474 - DEBUG - passed response 020007
2023-10-10 18:39:33,591 - INFO - sending frame: b'\x01\x03\x00\x00\x00\x01\x84\n', hex: 010300000001840a
2023-10-10 18:39:33,606 - INFO - received response b'\x01\x03\x02\x00\x07\xf9\x86', hex:0103020007f986
2023-10-10 18:39:33,606 - DEBUG - passed response 020007
2023-10-10 18:39:33,708 - INFO - sending frame: b'\x01\x03\x00\x00\x00\x01\x84\n', hex: 010300000001840a
2023-10-10 18:39:33,723 - INFO - received response b'\x01\x03\x02\x00\x07\xf9\x86', hex:0103020007f986
2023-10-10 18:39:33,723 - DEBUG - passed response 020007
2023-10-10 18:39:33,841 - INFO - sending frame: b'\x01\x03\x00\x00\x00\x01\x84\n', hex: 010300000001840a
2023-10-10 18:39:33,855 - INFO - received response b'\x01\x03\x02\x00\x07\xf9\x86', hex:0103020007f986
2023-10-10 18:39:33,856 - DEBUG - passed response 020007
2023-10-10 18:39:33,957 - INFO - sending frame: b'\x01\x03\x00\x00\x00\x01\x84\n', hex: 010300000001840a
2023-10-10 18:39:33,972 - INFO - received response b'\x01\x03\x02\x00\x07\xf9\x86', hex:0103020007f986
2023-10-10 18:39:33,972 - DEBUG - passed response 020007
2023-10-10 18:39:34,090 - INFO - sending frame: b'\x01\x03\x00\x00\x00\x01\x84\n', hex: 010300000001840a
2023-10-10 18:39:34,105 - INFO - received response b'\x01\x03\x02\x00\x07\xf9\x86', hex:0103020007f986
2023-10-10 18:39:34,105 - DEBUG - passed response 020007
2023-10-10 18:39:34,206 - INFO - sending frame: b'\x01\x03\x00\x00\x00\x01\x84\n', hex: 010300000001840a
2023-10-10 18:39:34,221 - INFO - received response b'\x01\x03\x02\x00\x07\xf9\x86', hex:0103020007f986
2023-10-10 18:39:34,222 - DEBUG - passed response 020007
2023-10-10 18:39:34,339 - INFO - sending frame: b'\x01\x03\x00\x00\x00\x01\x84\n', hex: 010300000001840a
2023-10-10 18:39:34,354 - INFO - received response b'\x01\x03\x02\x00\x07\xf9\x86', hex:0103020007f986
2023-10-10 18:39:34,354 - DEBUG - passed response 020007
2023-10-10 18:39:34,456 - INFO - sending frame: b'\x01\x03\x00\x00\x00\x01\x84\n', hex: 010300000001840a
2023-10-10 18:39:34,471 - INFO - received response b'\x01\x03\x02\x00\x07\xf9\x86', hex:0103020007f986
2023-10-10 18:39:34,471 - DEBUG - passed response 020007
2023-10-10 18:39:34,590 - INFO - sending frame: b'\x01\x03\x00\x00\x00\x01\x84\n', hex: 010300000001840a
2023-10-10 18:39:34,605 - INFO - received response b'\x01\x03\x02\x00\x07\xf9\x86', hex:0103020007f986
2023-10-10 18:39:34,605 - DEBUG - passed response 020007
2023-10-10 18:39:34,706 - INFO - sending frame: b'\x01\x03\x00\x00\x00\x01\x84\n', hex: 010300000001840a
2023-10-10 18:39:34,721 - INFO - received response b'\x01\x03\x02\x00\x07\xf9\x86', hex:0103020007f986
2023-10-10 18:39:34,721 - DEBUG - passed response 020007
2023-10-10 18:39:34,839 - INFO - sending frame: b'\x01\x03\x00\x00\x00\x01\x84\n', hex: 010300000001840a
2023-10-10 18:39:34,854 - INFO - received response b'\x01\x03\x02\x00\x07\xf9\x86', hex:0103020007f986
2023-10-10 18:39:34,855 - DEBUG - passed response 020007
2023-10-10 18:39:34,956 - INFO - sending frame: b'\x01\x03\x00\x00\x00\x01\x84\n', hex: 010300000001840a
2023-10-10 18:39:34,971 - INFO - received response b'\x01\x03\x02\x00\x07\xf9\x86', hex:0103020007f986
2023-10-10 18:39:34,971 - DEBUG - passed response 020007
2023-10-10 18:39:35,089 - INFO - sending frame: b'\x01\x03\x00\x00\x00\x01\x84\n', hex: 010300000001840a
2023-10-10 18:39:35,104 - INFO - received response b'\x01\x03\x02\x00\x07\xf9\x86', hex:0103020007f986
2023-10-10 18:39:35,104 - DEBUG - passed response 020007
2023-10-10 18:39:35,205 - INFO - sending frame: b'\x01\x03\x00\x00\x00\x01\x84\n', hex: 010300000001840a
2023-10-10 18:39:35,220 - INFO - received response b'\x01\x03\x02\x00\x07\xf9\x86', hex:0103020007f986
2023-10-10 18:39:35,220 - DEBUG - passed response 020007
2023-10-10 18:39:35,338 - INFO - sending frame: b'\x01\x03\x00\x00\x00\x01\x84\n', hex: 010300000001840a
2023-10-10 18:39:35,353 - INFO - received response b'\x01\x03\x02\x00\x07\xf9\x86', hex:0103020007f986
2023-10-10 18:39:35,354 - DEBUG - passed response 020007
2023-10-10 18:39:35,455 - INFO - sending frame: b'\x01\x03\x00\x00\x00\x01\x84\n', hex: 010300000001840a
2023-10-10 18:39:35,470 - INFO - received response b'\x01\x03\x02\x00\x07\xf9\x86', hex:0103020007f986
2023-10-10 18:39:35,470 - DEBUG - passed response 020007
2023-10-10 18:39:35,588 - INFO - sending frame: b'\x01\x03\x00\x00\x00\x01\x84\n', hex: 010300000001840a
2023-10-10 18:39:35,603 - INFO - received response b'\x01\x03\x02\x00\x07\xf9\x86', hex:0103020007f986
2023-10-10 18:39:35,603 - DEBUG - passed response 020007
2023-10-10 18:39:35,704 - INFO - sending frame: b'\x01\x03\x00\x00\x00\x01\x84\n', hex: 010300000001840a
2023-10-10 18:39:35,719 - INFO - received response b'\x01\x03\x02\x00\x07\xf9\x86', hex:0103020007f986
2023-10-10 18:39:35,719 - DEBUG - passed response 020007
2023-10-10 18:39:35,837 - INFO - sending frame: b'\x01\x03\x00\x00\x00\x01\x84\n', hex: 010300000001840a
2023-10-10 18:39:35,852 - INFO - received response b'\x01\x03\x02\x00\x07\xf9\x86', hex:0103020007f986
2023-10-10 18:39:35,853 - DEBUG - passed response 020007
2023-10-10 18:39:35,954 - INFO - sending frame: b'\x01\x03\x00\x00\x00\x01\x84\n', hex: 010300000001840a
2023-10-10 18:39:35,968 - INFO - received response b'\x01\x03\x02\x00\x07\xf9\x86', hex:0103020007f986
2023-10-10 18:39:35,969 - DEBUG - passed response 020007
2023-10-10 18:39:36,087 - INFO - sending frame: b'\x01\x03\x00\x00\x00\x01\x84\n', hex: 010300000001840a
2023-10-10 18:39:36,102 - INFO - received response b'\x01\x03\x02\x00\x07\xf9\x86', hex:0103020007f986
2023-10-10 18:39:36,102 - DEBUG - passed response 020007
2023-10-10 18:39:36,203 - INFO - sending frame: b'\x01\x03\x00\x00\x00\x01\x84\n', hex: 010300000001840a
2023-10-10 18:39:36,218 - INFO - received response b'\x01\x03\x02\x00\x07\xf9\x86', hex:0103020007f986
2023-10-10 18:39:36,219 - DEBUG - passed response 020007
2023-10-10 18:39:36,336 - INFO - sending frame: b'\x01\x03\x00\x00\x00\x01\x84\n', hex: 010300000001840a
2023-10-10 18:39:36,351 - INFO - received response b'\x01\x03\x02\x00\x07\xf9\x86', hex:0103020007f986
2023-10-10 18:39:36,352 - DEBUG - passed response 020007
2023-10-10 18:39:36,453 - INFO - sending frame: b'\x01\x03\x00\x00\x00\x01\x84\n', hex: 010300000001840a
2023-10-10 18:39:36,468 - INFO - received response b'\x01\x03\x02\x00\x07\xf9\x86', hex:0103020007f986
2023-10-10 18:39:36,468 - DEBUG - passed response 020007
2023-10-10 18:39:36,586 - INFO - sending frame: b'\x01\x03\x00\x00\x00\x01\x84\n', hex: 010300000001840a
2023-10-10 18:39:36,600 - INFO - received response b'\x01\x03\x02\x00\x07\xf9\x86', hex:0103020007f986
2023-10-10 18:39:36,601 - DEBUG - passed response 020007
2023-10-10 18:39:36,702 - INFO - sending frame: b'\x01\x03\x00\x00\x00\x01\x84\n', hex: 010300000001840a
2023-10-10 18:39:36,717 - INFO - received response b'\x01\x03\x02\x00\x07\xf9\x86', hex:0103020007f986
2023-10-10 18:39:36,717 - DEBUG - passed response 020007
2023-10-10 18:39:36,834 - INFO - sending frame: b'\x01\x03\x00\x00\x00\x01\x84\n', hex: 010300000001840a
2023-10-10 18:39:36,849 - INFO - received response b'\x01\x03\x02\x00\x07\xf9\x86', hex:0103020007f986
2023-10-10 18:39:36,850 - DEBUG - passed response 020007
2023-10-10 18:39:36,951 - INFO - sending frame: b'\x01\x03\x00\x00\x00\x01\x84\n', hex: 010300000001840a
2023-10-10 18:39:36,965 - INFO - received response b'\x01\x03\x02\x00\x07\xf9\x86', hex:0103020007f986
2023-10-10 18:39:36,966 - DEBUG - passed response 020007
2023-10-10 18:39:37,084 - INFO - sending frame: b'\x01\x03\x00\x00\x00\x01\x84\n', hex: 010300000001840a
2023-10-10 18:39:37,099 - INFO - received response b'\x01\x03\x02\x00\x07\xf9\x86', hex:0103020007f986
2023-10-10 18:39:37,099 - DEBUG - passed response 020007
2023-10-10 18:39:37,200 - INFO - sending frame: b'\x01\x03\x00\x00\x00\x01\x84\n', hex: 010300000001840a
2023-10-10 18:39:37,215 - INFO - received response b'\x01\x03\x02\x00\x07\xf9\x86', hex:0103020007f986
2023-10-10 18:39:37,216 - DEBUG - passed response 020007
2023-10-10 18:39:37,334 - INFO - sending frame: b'\x01\x03\x00\x00\x00\x01\x84\n', hex: 010300000001840a
2023-10-10 18:39:37,349 - INFO - received response b'\x01\x03\x02\x00\x07\xf9\x86', hex:0103020007f986
2023-10-10 18:39:37,349 - DEBUG - passed response 020007
2023-10-10 18:39:37,450 - INFO - sending frame: b'\x01\x03\x00\x00\x00\x01\x84\n', hex: 010300000001840a
2023-10-10 18:39:37,465 - INFO - received response b'\x01\x03\x02\x00\x07\xf9\x86', hex:0103020007f986
2023-10-10 18:39:37,465 - DEBUG - passed response 020007
2023-10-10 18:39:37,580 - INFO - sending frame: b'\x01\x03\x00\x00\x00\x01\x84\n', hex: 010300000001840a
2023-10-10 18:39:37,595 - INFO - received response b'\x01\x03\x02\x00\x07\xf9\x86', hex:0103020007f986
2023-10-10 18:39:37,595 - DEBUG - passed response 020007
2023-10-10 18:39:37,696 - INFO - sending frame: b'\x01\x03\x00\x00\x00\x01\x84\n', hex: 010300000001840a
2023-10-10 18:39:37,711 - INFO - received response b'\x01\x03\x02\x00\x07\xf9\x86', hex:0103020007f986
2023-10-10 18:39:37,712 - DEBUG - passed response 020007
2023-10-10 18:39:37,829 - INFO - sending frame: b'\x01\x03\x00\x00\x00\x01\x84\n', hex: 010300000001840a
2023-10-10 18:39:37,844 - INFO - received response b'\x01\x03\x02\x00\x07\xf9\x86', hex:0103020007f986
2023-10-10 18:39:37,845 - DEBUG - passed response 020007
2023-10-10 18:39:37,946 - INFO - sending frame: b'\x01\x03\x00\x00\x00\x01\x84\n', hex: 010300000001840a
2023-10-10 18:39:37,961 - INFO - received response b'\x01\x03\x02\x00\x07\xf9\x86', hex:0103020007f986
2023-10-10 18:39:37,961 - DEBUG - passed response 020007
2023-10-10 18:39:38,079 - INFO - sending frame: b'\x01\x03\x00\x00\x00\x01\x84\n', hex: 010300000001840a
2023-10-10 18:39:38,094 - INFO - received response b'\x01\x03\x02\x00\x07\xf9\x86', hex:0103020007f986
2023-10-10 18:39:38,094 - DEBUG - passed response 020007
2023-10-10 18:39:38,195 - INFO - sending frame: b'\x01\x03\x00\x00\x00\x01\x84\n', hex: 010300000001840a
2023-10-10 18:39:38,210 - INFO - received response b'\x01\x03\x02\x00\x07\xf9\x86', hex:0103020007f986
2023-10-10 18:39:38,211 - DEBUG - passed response 020007
2023-10-10 18:39:38,328 - INFO - sending frame: b'\x01\x03\x00\x00\x00\x01\x84\n', hex: 010300000001840a
2023-10-10 18:39:38,343 - INFO - received response b'\x01\x03\x02\x00\x07\xf9\x86', hex:0103020007f986
2023-10-10 18:39:38,344 - DEBUG - passed response 020007
2023-10-10 18:39:38,445 - INFO - sending frame: b'\x01\x03\x00\x00\x00\x01\x84\n', hex: 010300000001840a
2023-10-10 18:39:38,460 - INFO - received response b'\x01\x03\x02\x00\x07\xf9\x86', hex:0103020007f986
2023-10-10 18:39:38,460 - DEBUG - passed response 020007
2023-10-10 18:39:38,578 - INFO - sending frame: b'\x01\x03\x00\x00\x00\x01\x84\n', hex: 010300000001840a
2023-10-10 18:39:38,593 - INFO - received response b'\x01\x03\x02\x00\x07\xf9\x86', hex:0103020007f986
2023-10-10 18:39:38,593 - DEBUG - passed response 020007
2023-10-10 18:39:38,695 - INFO - sending frame: b'\x01\x03\x00\x00\x00\x01\x84\n', hex: 010300000001840a
2023-10-10 18:39:38,710 - INFO - received response b'\x01\x03\x02\x00\x07\xf9\x86', hex:0103020007f986
2023-10-10 18:39:38,710 - DEBUG - passed response 020007
2023-10-10 18:39:38,828 - INFO - sending frame: b'\x01\x03\x00\x00\x00\x01\x84\n', hex: 010300000001840a
2023-10-10 18:39:38,842 - INFO - received response b'\x01\x03\x02\x00\x07\xf9\x86', hex:0103020007f986
2023-10-10 18:39:38,843 - DEBUG - passed response 020007
2023-10-10 18:39:38,944 - INFO - sending frame: b'\x01\x03\x00\x00\x00\x01\x84\n', hex: 010300000001840a
2023-10-10 18:39:38,959 - INFO - received response b'\x01\x03\x02\x00\x07\xf9\x86', hex:0103020007f986
2023-10-10 18:39:38,959 - DEBUG - passed response 020007
2023-10-10 18:39:39,077 - INFO - sending frame: b'\x01\x03\x00\x00\x00\x01\x84\n', hex: 010300000001840a
2023-10-10 18:39:39,092 - INFO - received response b'\x01\x03\x02\x00\x07\xf9\x86', hex:0103020007f986
2023-10-10 18:39:39,092 - DEBUG - passed response 020007
2023-10-10 18:39:39,193 - INFO - sending frame: b'\x01\x03\x00\x00\x00\x01\x84\n', hex: 010300000001840a
2023-10-10 18:39:39,208 - INFO - received response b'\x01\x03\x02\x00\x07\xf9\x86', hex:0103020007f986
2023-10-10 18:39:39,208 - DEBUG - passed response 020007
2023-10-10 18:39:39,326 - INFO - sending frame: b'\x01\x03\x00\x00\x00\x01\x84\n', hex: 010300000001840a
2023-10-10 18:39:39,341 - INFO - received response b'\x01\x03\x02\x00\x07\xf9\x86', hex:0103020007f986
2023-10-10 18:39:39,341 - DEBUG - passed response 020007
2023-10-10 18:39:39,442 - INFO - sending frame: b'\x01\x03\x00\x00\x00\x01\x84\n', hex: 010300000001840a
2023-10-10 18:39:39,457 - INFO - received response b'\x01\x03\x02\x00\x07\xf9\x86', hex:0103020007f986
2023-10-10 18:39:39,457 - DEBUG - passed response 020007
2023-10-10 18:39:39,558 - INFO - sending frame: b'\x01\x03\x00\x00\x00\x01\x84\n', hex: 010300000001840a
2023-10-10 18:39:39,573 - INFO - received response b'\x01\x03\x02\x00\x07\xf9\x86', hex:0103020007f986
2023-10-10 18:39:39,573 - DEBUG - passed response 020007
2023-10-10 18:39:39,690 - INFO - sending frame: b'\x01\x03\x00\x00\x00\x01\x84\n', hex: 010300000001840a
2023-10-10 18:39:39,705 - INFO - received response b'\x01\x03\x02\x00\x07\xf9\x86', hex:0103020007f986
2023-10-10 18:39:39,706 - DEBUG - passed response 020007
2023-10-10 18:39:39,807 - INFO - sending frame: b'\x01\x03\x00\x00\x00\x01\x84\n', hex: 010300000001840a
2023-10-10 18:39:39,821 - INFO - received response b'\x01\x03\x02\x00\x07\xf9\x86', hex:0103020007f986
2023-10-10 18:39:39,822 - DEBUG - passed response 020007
2023-10-10 18:39:39,938 - INFO - sending frame: b'\x01\x03\x00\x00\x00\x01\x84\n', hex: 010300000001840a
2023-10-10 18:39:39,952 - INFO - received response b'\x01\x03\x02\x00\x07\xf9\x86', hex:0103020007f986
2023-10-10 18:39:39,953 - DEBUG - passed response 020007
2023-10-10 18:39:40,054 - INFO - sending frame: b'\x01\x03\x00\x00\x00\x01\x84\n', hex: 010300000001840a
2023-10-10 18:39:40,069 - INFO - received response b'\x01\x03\x02\x00\x07\xf9\x86', hex:0103020007f986
2023-10-10 18:39:40,069 - DEBUG - passed response 020007
2023-10-10 18:39:40,187 - INFO - sending frame: b'\x01\x03\x00\x00\x00\x01\x84\n', hex: 010300000001840a
2023-10-10 18:39:40,202 - INFO - received response b'\x01\x03\x02\x00\x07\xf9\x86', hex:0103020007f986
2023-10-10 18:39:40,202 - DEBUG - passed response 020007
2023-10-10 18:39:40,303 - INFO - sending frame: b'\x01\x03\x00\x00\x00\x01\x84\n', hex: 010300000001840a
2023-10-10 18:39:40,318 - INFO - received response b'\x01\x03\x02\x00\x07\xf9\x86', hex:0103020007f986
2023-10-10 18:39:40,319 - DEBUG - passed response 020007
2023-10-10 18:39:40,437 - INFO - sending frame: b'\x01\x03\x00\x00\x00\x01\x84\n', hex: 010300000001840a
2023-10-10 18:39:40,451 - INFO - received response b'\x01\x03\x02\x00\x07\xf9\x86', hex:0103020007f986
2023-10-10 18:39:40,452 - DEBUG - passed response 020007
2023-10-10 18:39:40,553 - INFO - sending frame: b'\x01\x03\x00\x00\x00\x01\x84\n', hex: 010300000001840a
2023-10-10 18:39:40,568 - INFO - received response b'\x01\x03\x02\x00\x07\xf9\x86', hex:0103020007f986
2023-10-10 18:39:40,568 - DEBUG - passed response 020007
2023-10-10 18:39:40,686 - INFO - sending frame: b'\x01\x03\x00\x00\x00\x01\x84\n', hex: 010300000001840a
2023-10-10 18:39:40,701 - INFO - received response b'\x01\x03\x02\x00\x07\xf9\x86', hex:0103020007f986
2023-10-10 18:39:40,701 - DEBUG - passed response 020007
2023-10-10 18:39:40,802 - INFO - sending frame: b'\x01\x03\x00\x00\x00\x01\x84\n', hex: 010300000001840a
2023-10-10 18:39:40,817 - INFO - received response b'\x01\x03\x02\x00\x07\xf9\x86', hex:0103020007f986
2023-10-10 18:39:40,817 - DEBUG - passed response 020007
2023-10-10 18:39:40,935 - INFO - sending frame: b'\x01\x03\x00\x00\x00\x01\x84\n', hex: 010300000001840a
2023-10-10 18:39:40,950 - INFO - received response b'\x01\x03\x02\x00\x07\xf9\x86', hex:0103020007f986
2023-10-10 18:39:40,950 - DEBUG - passed response 020007
2023-10-10 18:39:41,051 - INFO - sending frame: b'\x01\x03\x00\x00\x00\x01\x84\n', hex: 010300000001840a
2023-10-10 18:39:41,066 - INFO - received response b'\x01\x03\x02\x00\x07\xf9\x86', hex:0103020007f986
2023-10-10 18:39:41,066 - DEBUG - passed response 020007
2023-10-10 18:39:41,184 - INFO - sending frame: b'\x01\x03\x00\x00\x00\x01\x84\n', hex: 010300000001840a
2023-10-10 18:39:41,199 - INFO - received response b'\x01\x03\x02\x00\x07\xf9\x86', hex:0103020007f986
2023-10-10 18:39:41,199 - DEBUG - passed response 020007
2023-10-10 18:39:41,300 - INFO - sending frame: b'\x01\x03\x00\x00\x00\x01\x84\n', hex: 010300000001840a
2023-10-10 18:39:41,315 - INFO - received response b'\x01\x03\x02\x00\x07\xf9\x86', hex:0103020007f986
2023-10-10 18:39:41,316 - DEBUG - passed response 020007
2023-10-10 18:39:41,433 - INFO - sending frame: b'\x01\x03\x00\x00\x00\x01\x84\n', hex: 010300000001840a
2023-10-10 18:39:41,449 - INFO - received response b'\x01\x03\x02\x00\x07\xf9\x86', hex:0103020007f986
2023-10-10 18:39:41,449 - DEBUG - passed response 020007
2023-10-10 18:39:41,550 - INFO - sending frame: b'\x01\x03\x00\x00\x00\x01\x84\n', hex: 010300000001840a
2023-10-10 18:39:41,565 - INFO - received response b'\x01\x03\x02\x00\x07\xf9\x86', hex:0103020007f986
2023-10-10 18:39:41,566 - DEBUG - passed response 020007
2023-10-10 18:39:41,684 - INFO - sending frame: b'\x01\x03\x00\x00\x00\x01\x84\n', hex: 010300000001840a
2023-10-10 18:39:41,698 - INFO - received response b'\x01\x03\x02\x00\x07\xf9\x86', hex:0103020007f986
2023-10-10 18:39:41,699 - DEBUG - passed response 020007
2023-10-10 18:39:41,800 - INFO - sending frame: b'\x01\x03\x00\x00\x00\x01\x84\n', hex: 010300000001840a
2023-10-10 18:39:41,815 - INFO - received response b'\x01\x03\x02\x00\x07\xf9\x86', hex:0103020007f986
2023-10-10 18:39:41,815 - DEBUG - passed response 020007
2023-10-10 18:39:41,934 - INFO - sending frame: b'\x01\x03\x00\x00\x00\x01\x84\n', hex: 010300000001840a
2023-10-10 18:39:41,948 - INFO - received response b'\x01\x03\x02\x00\x07\xf9\x86', hex:0103020007f986
2023-10-10 18:39:41,949 - DEBUG - passed response 020007
2023-10-10 18:39:42,050 - INFO - sending frame: b'\x01\x03\x00\x00\x00\x01\x84\n', hex: 010300000001840a
2023-10-10 18:39:42,065 - INFO - received response b'\x01\x03\x02\x00\x07\xf9\x86', hex:0103020007f986
2023-10-10 18:39:42,065 - DEBUG - passed response 020007
2023-10-10 18:39:42,183 - INFO - sending frame: b'\x01\x03\x00\x00\x00\x01\x84\n', hex: 010300000001840a
2023-10-10 18:39:42,198 - INFO - received response b'\x01\x03\x02\x00\x07\xf9\x86', hex:0103020007f986
2023-10-10 18:39:42,199 - DEBUG - passed response 020007
2023-10-10 18:39:42,300 - INFO - sending frame: b'\x01\x03\x00\x00\x00\x01\x84\n', hex: 010300000001840a
2023-10-10 18:39:42,315 - INFO - received response b'\x01\x03\x02\x00\x07\xf9\x86', hex:0103020007f986
2023-10-10 18:39:42,315 - DEBUG - passed response 020007
2023-10-10 18:39:42,433 - INFO - sending frame: b'\x01\x03\x00\x00\x00\x01\x84\n', hex: 010300000001840a
2023-10-10 18:39:42,448 - INFO - received response b'\x01\x03\x02\x00\x07\xf9\x86', hex:0103020007f986
2023-10-10 18:39:42,448 - DEBUG - passed response 020007
2023-10-10 18:39:42,549 - INFO - sending frame: b'\x01\x03\x00\x00\x00\x01\x84\n', hex: 010300000001840a
2023-10-10 18:39:42,564 - INFO - received response b'\x01\x03\x02\x00\x07\xf9\x86', hex:0103020007f986
2023-10-10 18:39:42,564 - DEBUG - passed response 020007
2023-10-10 18:39:42,682 - INFO - sending frame: b'\x01\x03\x00\x00\x00\x01\x84\n', hex: 010300000001840a
2023-10-10 18:39:42,697 - INFO - received response b'\x01\x03\x02\x00\x07\xf9\x86', hex:0103020007f986
2023-10-10 18:39:42,697 - DEBUG - passed response 020007
2023-10-10 18:39:42,799 - INFO - sending frame: b'\x01\x03\x00\x00\x00\x01\x84\n', hex: 010300000001840a
2023-10-10 18:39:42,814 - INFO - received response b'\x01\x03\x02\x00\x07\xf9\x86', hex:0103020007f986
2023-10-10 18:39:42,814 - DEBUG - passed response 020007
2023-10-10 18:39:42,931 - INFO - sending frame: b'\x01\x03\x00\x00\x00\x01\x84\n', hex: 010300000001840a
2023-10-10 18:39:42,946 - INFO - received response b'\x01\x03\x02\x00\x07\xf9\x86', hex:0103020007f986
2023-10-10 18:39:42,947 - DEBUG - passed response 020007
2023-10-10 18:39:43,074 - INFO - sending frame: b'\x01\x03\x00\x00\x00\x01\x84\n', hex: 010300000001840a
2023-10-10 18:39:43,091 - INFO - received response b'\x01\x03\x02\x00\x07\xf9\x86', hex:0103020007f986
2023-10-10 18:39:43,092 - DEBUG - passed response 020007
2023-10-10 18:39:43,203 - INFO - sending frame: b'\x01\x03\x00\x00\x00\x01\x84\n', hex: 010300000001840a
2023-10-10 18:39:43,218 - INFO - received response b'\x01\x03\x02\x00\x07\xf9\x86', hex:0103020007f986
2023-10-10 18:39:43,218 - DEBUG - passed response 020007
2023-10-10 18:39:43,322 - INFO - sending frame: b'\x01\x03\x00\x00\x00\x01\x84\n', hex: 010300000001840a
2023-10-10 18:39:43,337 - INFO - received response b'\x01\x03\x02\x00\x07\xf9\x86', hex:0103020007f986
2023-10-10 18:39:43,338 - DEBUG - passed response 020007
2023-10-10 18:39:43,445 - INFO - sending frame: b'\x01\x03\x00\x00\x00\x01\x84\n', hex: 010300000001840a
2023-10-10 18:39:43,461 - INFO - received response b'\x01\x03\x02\x00\x07\xf9\x86', hex:0103020007f986
2023-10-10 18:39:43,461 - DEBUG - passed response 020007
2023-10-10 18:39:43,563 - INFO - sending frame: b'\x01\x03\x00\x00\x00\x01\x84\n', hex: 010300000001840a
2023-10-10 18:39:43,579 - INFO - received response b'\x01\x03\x02\x00\x07\xf9\x86', hex:0103020007f986
2023-10-10 18:39:43,580 - DEBUG - passed response 020007
2023-10-10 18:39:43,681 - INFO - sending frame: b'\x01\x03\x00\x00\x00\x01\x84\n', hex: 010300000001840a
2023-10-10 18:39:43,689 - INFO - received response b'\xff', hex:ff
2023-10-10 18:39:43,689 - WARNING - Slave 1: Response length too short
2023-10-10 18:40:04,239 - INFO - sending frame: b'\x01\x03\x00\x00\x00\x01\x84\n', hex: 010300000001840a
2023-10-10 18:40:04,254 - INFO - received response b'\x01\x03\x02\x00\x07\xf9\x86', hex:0103020007f986
2023-10-10 18:40:04,255 - DEBUG - passed response 020007
2023-10-10 18:40:04,367 - INFO - sending frame: b'\x01\x03\x00\x00\x00\x01\x84\n', hex: 010300000001840a
2023-10-10 18:40:04,381 - INFO - received response b'\x01\x03\x02\x00\x07\xf9\x86', hex:0103020007f986
2023-10-10 18:40:04,382 - DEBUG - passed response 020007
2023-10-10 18:40:04,482 - INFO - sending frame: b'\x01\x03\x00\x00\x00\x01\x84\n', hex: 010300000001840a
2023-10-10 18:40:04,490 - INFO - received response b'\xff', hex:ff
2023-10-10 18:40:04,490 - WARNING - Slave 1: Response length too short
2023-10-10 18:40:11,971 - INFO - sending frame: b'\x01\x03\x00\x00\x00\x01\x84\n', hex: 010300000001840a
2023-10-10 18:40:11,986 - INFO - received response b'\x01\x03\x02\x00\x07\xf9\x86', hex:0103020007f986
2023-10-10 18:40:11,986 - DEBUG - passed response 020007
2023-10-10 18:40:13,203 - INFO - sending frame: b'\x01\x03\x00\x00\x00\x01\x84\n', hex: 010300000001840a
2023-10-10 18:40:13,217 - INFO - received response b'\x01\x03\x02\x00\x07\xf9\x86', hex:0103020007f986
2023-10-10 18:40:13,218 - DEBUG - passed response 020007
2023-10-10 18:40:13,657 - INFO - sending frame: b'\x01\x03\x00\x00\x00\x01\x84\n', hex: 010300000001840a
2023-10-10 18:40:13,671 - INFO - received response b'\x01\x03\x02\x00\x07\xf9\x86', hex:0103020007f986
2023-10-10 18:40:13,671 - DEBUG - passed response 020007
2023-10-10 18:40:15,531 - INFO - sending frame: b'\x01\x03\x00\x00\x00\x01\x84\n', hex: 010300000001840a
2023-10-10 18:40:15,546 - INFO - received response b'\x01\x03\x02\x00\x07\xf9\x86', hex:0103020007f986
2023-10-10 18:40:15,546 - DEBUG - passed response 020007
2023-10-10 18:40:15,647 - INFO - sending frame: b'\x01\x03\x00\x00\x00\x01\x84\n', hex: 010300000001840a
2023-10-10 18:40:15,655 - INFO - received response b'\xff', hex:ff
2023-10-10 18:40:15,655 - WARNING - Slave 1: Response length too short
2023-10-10 18:40:18,188 - INFO - sending frame: b'\x01\x03\x00\x00\x00\x01\x84\n', hex: 010300000001840a
2023-10-10 18:40:18,204 - INFO - received response b'\x01\x03\x02\x00\x07\xf9\x86', hex:0103020007f986
2023-10-10 18:40:18,204 - DEBUG - passed response 020007
2023-10-10 18:40:18,305 - INFO - sending frame: b'\x01\x03\x00\x00\x00\x01\x84\n', hex: 010300000001840a
2023-10-10 18:40:18,320 - INFO - received response b'\x01\x03\x02\x00\x07\xf9\x86', hex:0103020007f986
2023-10-10 18:40:18,320 - DEBUG - passed response 020007
2023-10-10 18:40:18,422 - INFO - sending frame: b'\x01\x03\x00\x00\x00\x01\x84\n', hex: 010300000001840a
2023-10-10 18:40:18,436 - INFO - received response b'\x01\x03\x02\x00\x07\xf9\x86', hex:0103020007f986
2023-10-10 18:40:18,437 - DEBUG - passed response 020007
2023-10-10 18:40:18,557 - INFO - sending frame: b'\x01\x03\x00\x00\x00\x01\x84\n', hex: 010300000001840a
2023-10-10 18:40:18,573 - INFO - received response b'\x01\x03\x02\x00\x07\xf9\x86', hex:0103020007f986
2023-10-10 18:40:18,573 - DEBUG - passed response 020007
2023-10-10 18:40:18,674 - INFO - sending frame: b'\x01\x03\x00\x00\x00\x01\x84\n', hex: 010300000001840a
2023-10-10 18:40:18,689 - INFO - received response b'\x01\x03\x02\x00\x07\xf9\x86', hex:0103020007f986
2023-10-10 18:40:18,689 - DEBUG - passed response 020007
2023-10-10 18:40:18,810 - INFO - sending frame: b'\x01\x03\x00\x00\x00\x01\x84\n', hex: 010300000001840a
2023-10-10 18:40:18,825 - INFO - received response b'\x01\x03\x02\x00\x07\xf9\x86', hex:0103020007f986
2023-10-10 18:40:18,825 - DEBUG - passed response 020007
2023-10-10 18:40:18,926 - INFO - sending frame: b'\x01\x03\x00\x00\x00\x01\x84\n', hex: 010300000001840a
2023-10-10 18:40:18,941 - INFO - received response b'\x01\x03\x02\x00\x07\xf9\x86', hex:0103020007f986
2023-10-10 18:40:18,942 - DEBUG - passed response 020007
2023-10-10 18:40:19,058 - INFO - sending frame: b'\x01\x03\x00\x00\x00\x01\x84\n', hex: 010300000001840a
2023-10-10 18:40:19,073 - INFO - received response b'\x01\x03\x02\x00\x07\xf9\x86', hex:0103020007f986
2023-10-10 18:40:19,074 - DEBUG - passed response 020007
2023-10-10 18:40:19,175 - INFO - sending frame: b'\x01\x03\x00\x00\x00\x01\x84\n', hex: 010300000001840a
2023-10-10 18:40:19,190 - INFO - received response b'\x01\x03\x02\x00\x07\xf9\x86', hex:0103020007f986
2023-10-10 18:40:19,190 - DEBUG - passed response 020007
2023-10-10 18:40:19,311 - INFO - sending frame: b'\x01\x03\x00\x00\x00\x01\x84\n', hex: 010300000001840a
2023-10-10 18:40:19,325 - INFO - received response b'\x01\x03\x02\x00\x07\xf9\x86', hex:0103020007f986
2023-10-10 18:40:19,326 - DEBUG - passed response 020007
2023-10-10 18:40:19,427 - INFO - sending frame: b'\x01\x03\x00\x00\x00\x01\x84\n', hex: 010300000001840a
2023-10-10 18:40:19,442 - INFO - received response b'\x01\x03\x02\x00\x07\xf9\x86', hex:0103020007f986
2023-10-10 18:40:19,442 - DEBUG - passed response 020007
2023-10-10 18:40:19,543 - INFO - sending frame: b'\x01\x03\x00\x00\x00\x01\x84\n', hex: 010300000001840a
2023-10-10 18:40:19,558 - INFO - received response b'\x01\x03\x02\x00\x07\xf9\x86', hex:0103020007f986
2023-10-10 18:40:19,558 - DEBUG - passed response 020007
2023-10-10 18:40:19,659 - INFO - sending frame: b'\x01\x03\x00\x00\x00\x01\x84\n', hex: 010300000001840a
2023-10-10 18:40:19,674 - INFO - received response b'\x01\x03\x02\x00\x07\xf9\x86', hex:0103020007f986
2023-10-10 18:40:19,674 - DEBUG - passed response 020007
2023-10-10 18:40:19,791 - INFO - sending frame: b'\x01\x03\x00\x00\x00\x01\x84\n', hex: 010300000001840a
2023-10-10 18:40:19,806 - INFO - received response b'\x01\x03\x02\x00\x07\xf9\x86', hex:0103020007f986
2023-10-10 18:40:19,807 - DEBUG - passed response 020007
2023-10-10 18:40:19,908 - INFO - sending frame: b'\x01\x03\x00\x00\x00\x01\x84\n', hex: 010300000001840a
2023-10-10 18:40:19,923 - INFO - received response b'\x01\x03\x02\x00\x07\xf9\x86', hex:0103020007f986
2023-10-10 18:40:19,923 - DEBUG - passed response 020007
2023-10-10 18:40:20,046 - INFO - sending frame: b'\x01\x03\x00\x00\x00\x01\x84\n', hex: 010300000001840a
2023-10-10 18:40:20,061 - INFO - received response b'\x01\x03\x02\x00\x07\xf9\x86', hex:0103020007f986
2023-10-10 18:40:20,062 - DEBUG - passed response 020007
2023-10-10 18:40:20,162 - INFO - sending frame: b'\x01\x03\x00\x00\x00\x01\x84\n', hex: 010300000001840a
2023-10-10 18:40:20,177 - INFO - received response b'\x01\x03\x02\x00\x07\xf9\x86', hex:0103020007f986
2023-10-10 18:40:20,178 - DEBUG - passed response 020007
2023-10-10 18:40:20,296 - INFO - sending frame: b'\x01\x03\x00\x00\x00\x01\x84\n', hex: 010300000001840a
2023-10-10 18:40:20,310 - INFO - received response b'\x01\x03\x02\x00\x07\xf9\x86', hex:0103020007f986
2023-10-10 18:40:20,310 - DEBUG - passed response 020007
2023-10-10 18:40:20,412 - INFO - sending frame: b'\x01\x03\x00\x00\x00\x01\x84\n', hex: 010300000001840a
2023-10-10 18:40:20,427 - INFO - received response b'\x01\x03\x02\x00\x07\xf9\x86', hex:0103020007f986
2023-10-10 18:40:20,427 - DEBUG - passed response 020007
2023-10-10 18:40:20,548 - INFO - sending frame: b'\x01\x03\x00\x00\x00\x01\x84\n', hex: 010300000001840a
2023-10-10 18:40:20,563 - INFO - received response b'\x01\x03\x02\x00\x07\xf9\x86', hex:0103020007f986
2023-10-10 18:40:20,563 - DEBUG - passed response 020007
2023-10-10 18:40:20,664 - INFO - sending frame: b'\x01\x03\x00\x00\x00\x01\x84\n', hex: 010300000001840a
2023-10-10 18:40:20,679 - INFO - received response b'\x01\x03\x02\x00\x07\xf9\x86', hex:0103020007f986
2023-10-10 18:40:20,679 - DEBUG - passed response 020007
2023-10-10 18:40:20,780 - INFO - sending frame: b'\x01\x03\x00\x00\x00\x01\x84\n', hex: 010300000001840a
2023-10-10 18:40:20,795 - INFO - received response b'\x01\x03\x02\x00\x07\xf9\x86', hex:0103020007f986
2023-10-10 18:40:20,795 - DEBUG - passed response 020007
2023-10-10 18:40:20,896 - INFO - sending frame: b'\x01\x03\x00\x00\x00\x01\x84\n', hex: 010300000001840a
2023-10-10 18:40:20,911 - INFO - received response b'\x01\x03\x02\x00\x07\xf9\x86', hex:0103020007f986
2023-10-10 18:40:20,911 - DEBUG - passed response 020007
2023-10-10 18:40:21,028 - INFO - sending frame: b'\x01\x03\x00\x00\x00\x01\x84\n', hex: 010300000001840a
2023-10-10 18:40:21,043 - INFO - received response b'\x01\x03\x02\x00\x07\xf9\x86', hex:0103020007f986
2023-10-10 18:40:21,043 - DEBUG - passed response 020007
2023-10-10 18:40:21,144 - INFO - sending frame: b'\x01\x03\x00\x00\x00\x01\x84\n', hex: 010300000001840a
2023-10-10 18:40:21,159 - INFO - received response b'\x01\x03\x02\x00\x07\xf9\x86', hex:0103020007f986
2023-10-10 18:40:21,159 - DEBUG - passed response 020007
2023-10-10 18:40:21,278 - INFO - sending frame: b'\x01\x03\x00\x00\x00\x01\x84\n', hex: 010300000001840a
2023-10-10 18:40:21,293 - INFO - received response b'\x01\x03\x02\x00\x07\xf9\x86', hex:0103020007f986
2023-10-10 18:40:21,293 - DEBUG - passed response 020007
2023-10-10 18:40:21,394 - INFO - sending frame: b'\x01\x03\x00\x00\x00\x01\x84\n', hex: 010300000001840a
2023-10-10 18:40:21,409 - INFO - received response b'\x01\x03\x02\x00\x07\xf9\x86', hex:0103020007f986
2023-10-10 18:40:21,410 - DEBUG - passed response 020007
2023-10-10 18:40:21,531 - INFO - sending frame: b'\x01\x03\x00\x00\x00\x01\x84\n', hex: 010300000001840a
2023-10-10 18:40:21,546 - INFO - received response b'\x01\x03\x02\x00\x07\xf9\x86', hex:0103020007f986
2023-10-10 18:40:21,547 - DEBUG - passed response 020007
2023-10-10 18:40:21,633 - INFO - sending frame: b'\x01\x03\x00\x00\x00\x01\x84\n', hex: 010300000001840a
2023-10-10 18:40:21,648 - INFO - received response b'\x01\x03\x02\x00\x07\xf9\x86', hex:0103020007f986
2023-10-10 18:40:21,648 - DEBUG - passed response 020007
2023-10-10 18:40:21,649 - INFO - sending frame: b'\x01\x03\x00\x00\x00\x01\x84\n', hex: 010300000001840a
2023-10-10 18:40:21,756 - WARNING - No connection from slave None
2023-10-10 18:46:29,111 - DEBUG - Device 2 created
2023-10-10 18:47:20,496 - DEBUG - new canvas borders: (0, 0, 352, 271)
2023-10-10 18:47:22,664 - INFO - sending frame: b'\x02\x03\x00\x00\x00\x01\x849', hex: 0203000000018439
2023-10-10 18:47:22,679 - INFO - received response b'\x02\x03\x02\x00\x00\xfcD', hex:0203020000fc44
2023-10-10 18:47:22,679 - DEBUG - passed response 020000
2023-10-10 18:47:30,047 - DEBUG - new canvas borders: (0, 0, 352, 271)
2023-10-10 18:47:37,697 - INFO - Prepared message to send: 021000000001020045
2023-10-10 18:47:37,697 - INFO - sending frame: b'\x02\x10\x00\x00\x00\x01\x02\x00EsS', hex: 0210000000010200457353
2023-10-10 18:47:37,714 - INFO - received response b'\x02\x10\x00\x00\x00\x01\x01\xfa', hex:02100000000101fa
2023-10-10 18:47:37,714 - DEBUG - passed response 00000001
2023-10-10 18:47:37,714 - INFO - write multiple HR - device id: 2, starting address: 0, values: [69]
2023-10-10 18:47:44,974 - INFO - sending frame: b'\x02\x03\x00\x00\x00\x01\x849', hex: 0203000000018439
2023-10-10 18:47:44,989 - INFO - received response b'\x02\x03\x02\x00E=\xb7', hex:02030200453db7
2023-10-10 18:47:44,989 - DEBUG - passed response 020045
2023-10-10 18:47:48,065 - DEBUG - new canvas borders: (0, 0, 352, 271)
2023-10-10 18:47:52,147 - INFO - Prepared message to send: 0210000000020400010002
2023-10-10 18:47:52,147 - INFO - sending frame: b'\x02\x10\x00\x00\x00\x02\x04\x00\x01\x00\x02,\xea', hex: 02100000000204000100022cea
2023-10-10 18:47:52,163 - INFO - received response b'\x00', hex:00
2023-10-10 18:47:52,164 - WARNING - Slave 2: Response length too short
2023-10-10 18:48:30,339 - INFO - Prepared message to send: 0210000000020400010002
2023-10-10 18:48:30,339 - INFO - sending frame: b'\x02\x10\x00\x00\x00\x02\x04\x00\x01\x00\x02,\xea', hex: 02100000000204000100022cea
2023-10-10 18:48:30,357 - INFO - received response b'\x02\x10\x00\x00\x00\x02A\xfb', hex:02100000000241fb
2023-10-10 18:48:30,357 - DEBUG - passed response 00000002
2023-10-10 18:48:30,357 - INFO - write multiple HR - device id: 2, starting address: 0, values: [1, 2]
2023-10-10 18:49:09,257 - DEBUG - new canvas borders: (0, 0, 352, 271)
2023-10-10 18:49:31,016 - DEBUG - new canvas borders: (0, 0, 352, 271)
2023-10-10 18:49:46,344 - INFO - sending frame: b'\x02\x05\r\x05\xff\x00\x9e\xa4', hex: 02050d05ff009ea4
2023-10-10 18:49:46,450 - WARNING - No connection from slave None
2023-10-10 18:50:07,730 - DEBUG - new canvas borders: (0, 0, 352, 271)
2023-10-10 18:50:12,365 - INFO - Prepared message to send: 020600000045
2023-10-10 18:50:12,365 - INFO - sending frame: b'\x02\x06\x00\x00\x00EH\n', hex: 020600000045480a
2023-10-10 18:50:12,471 - WARNING - No connection from slave None
2023-10-10 18:50:22,052 - INFO - Prepared message to send: 020600000045
2023-10-10 18:50:22,052 - INFO - sending frame: b'\x02\x06\x00\x00\x00EH\n', hex: 020600000045480a
2023-10-10 18:50:22,159 - WARNING - No connection from slave None
2023-10-10 18:50:32,028 - INFO - Prepared message to send: 020600000045
2023-10-10 18:50:32,029 - INFO - sending frame: b'\x02\x06\x00\x00\x00EH\n', hex: 020600000045480a
2023-10-10 18:50:32,136 - WARNING - No connection from slave None
2023-10-10 18:51:05,727 - DEBUG - new canvas borders: (0, 0, 352, 271)
2023-10-10 18:51:09,261 - INFO - sending frame: b'\x02\x01\x00\x00\x00\x01\xfd\xf9', hex: 020100000001fdf9
2023-10-10 18:51:09,367 - WARNING - No connection from slave None
2023-10-10 18:51:23,143 - DEBUG - new canvas borders: (0, 0, 352, 271)
2023-10-10 18:51:50,438 - DEBUG - new canvas borders: (0, 0, 352, 271)
2023-10-10 18:51:56,763 - INFO - Prepared message to send: 010600000001
2023-10-10 18:51:56,764 - INFO - sending frame: b'\x01\x06\x00\x00\x00\x01H\n', hex: 010600000001480a
2023-10-10 18:51:56,870 - WARNING - No connection from slave None
